删除文件 - D:\Study\Sync\civil\2023年教程\【1】常识\丹丹（官网沿用22上半年）\2022丹丹常识（录播课）\讲义资料包\复习资料\【四海】早读笔记--丹丹老师.pdf.zip.001
删除文件 - D:\Study\Sync\civil\2023年教程\【1】常识\丹丹（官网沿用22上半年）\2022丹丹常识（录播课）\讲义资料包\复习资料\【四海】早读笔记--丹丹老师.pdf.zip.002

7-Zip 23.01 (x64) : Copyright (c) 1999-2023 Igor Pavlov : 2023-06-20

Scanning the drive:
1 file, 28926466 bytes (28 MiB)

Creating archive: D:\Study\Sync\civil\2023年教程\【1】常识\丹丹（官网沿用22上半年）\2022丹丹常识（录播课）\讲义资料包\复习资料\【四海】早读笔记--丹丹老师.pdf.zip

Add new data to archive: 1 file, 28926466 bytes (28 MiB)


Files read from disk: 1
Archive size: 28738622 bytes (28 MiB)
Volumes: 2
Everything is Ok
删除文件 - D:\Study\Sync\civil\2023年教程\【1】常识\丹丹（官网沿用22上半年）\2022丹丹常识（录播课）\讲义资料包\复习资料\【四海】早读笔记--丹丹老师.pdf
删除文件 - D:\Study\Sync\civil\2023年教程\【1】常识\丹丹（官网沿用22上半年）\2022丹丹常识（录播课）\讲义资料包\练习题\05-常识判断3000题（答案篇）--丹丹.pdf.zip.001
删除文件 - D:\Study\Sync\civil\2023年教程\【1】常识\丹丹（官网沿用22上半年）\2022丹丹常识（录播课）\讲义资料包\练习题\05-常识判断3000题（答案篇）--丹丹.pdf.zip.002

7-Zip 23.01 (x64) : Copyright (c) 1999-2023 Igor Pavlov : 2023-06-20

Scanning the drive:
1 file, 27067789 bytes (26 MiB)

Creating archive: D:\Study\Sync\civil\2023年教程\【1】常识\丹丹（官网沿用22上半年）\2022丹丹常识（录播课）\讲义资料包\练习题\05-常识判断3000题（答案篇）--丹丹.pdf.zip

Add new data to archive: 1 file, 27067789 bytes (26 MiB)


Files read from disk: 1
Archive size: 26639562 bytes (26 MiB)
Volumes: 2
Everything is Ok
删除文件 - D:\Study\Sync\civil\2023年教程\【1】常识\丹丹（官网沿用22上半年）\2022丹丹常识（录播课）\讲义资料包\练习题\05-常识判断3000题（答案篇）--丹丹.pdf
删除文件 - D:\Study\Sync\civil\2023年教程\【1】常识\丹丹（官网沿用22上半年）\2022丹丹常识（录播课）\讲义资料包\赠送公基6000题\公基模块题库6000题【答案汇总篇】--丹丹.pdf.zip.001
删除文件 - D:\Study\Sync\civil\2023年教程\【1】常识\丹丹（官网沿用22上半年）\2022丹丹常识（录播课）\讲义资料包\赠送公基6000题\公基模块题库6000题【答案汇总篇】--丹丹.pdf.zip.002

7-Zip 23.01 (x64) : Copyright (c) 1999-2023 Igor Pavlov : 2023-06-20

Scanning the drive:
1 file, 31558615 bytes (31 MiB)

Creating archive: D:\Study\Sync\civil\2023年教程\【1】常识\丹丹（官网沿用22上半年）\2022丹丹常识（录播课）\讲义资料包\赠送公基6000题\公基模块题库6000题【答案汇总篇】--丹丹.pdf.zip

Add new data to archive: 1 file, 31558615 bytes (31 MiB)


Files read from disk: 1
Archive size: 31228867 bytes (30 MiB)
Volumes: 2
Everything is Ok
删除文件 - D:\Study\Sync\civil\2023年教程\【1】常识\丹丹（官网沿用22上半年）\2022丹丹常识（录播课）\讲义资料包\赠送公基6000题\公基模块题库6000题【答案汇总篇】--丹丹.pdf
删除文件 - D:\Study\Sync\civil\2023年教程\【1】常识\李卜开天斧\00.讲义.pdf.zip.001
删除文件 - D:\Study\Sync\civil\2023年教程\【1】常识\李卜开天斧\00.讲义.pdf.zip.002
删除文件 - D:\Study\Sync\civil\2023年教程\【1】常识\李卜开天斧\00.讲义.pdf.zip.003
删除文件 - D:\Study\Sync\civil\2023年教程\【1】常识\李卜开天斧\00.讲义.pdf.zip.004
删除文件 - D:\Study\Sync\civil\2023年教程\【1】常识\李卜开天斧\00.讲义.pdf.zip.005
删除文件 - D:\Study\Sync\civil\2023年教程\【1】常识\李卜开天斧\00.讲义.pdf.zip.006

7-Zip 23.01 (x64) : Copyright (c) 1999-2023 Igor Pavlov : 2023-06-20

Scanning the drive:
1 file, 136478436 bytes (131 MiB)

Creating archive: D:\Study\Sync\civil\2023年教程\【1】常识\李卜开天斧\00.讲义.pdf.zip

Add new data to archive: 1 file, 136478436 bytes (131 MiB)


Files read from disk: 1
Archive size: 112750215 bytes (108 MiB)
Volumes: 6
Everything is Ok
删除文件 - D:\Study\Sync\civil\2023年教程\【1】常识\李卜开天斧\00.讲义.pdf
删除文件 - D:\Study\Sync\civil\2023年教程\【1】常识\李卜开天斧\讲义未包含内容.docx.zip.001
删除文件 - D:\Study\Sync\civil\2023年教程\【1】常识\李卜开天斧\讲义未包含内容.docx.zip.002
删除文件 - D:\Study\Sync\civil\2023年教程\【1】常识\李卜开天斧\讲义未包含内容.docx.zip.003
删除文件 - D:\Study\Sync\civil\2023年教程\【1】常识\李卜开天斧\讲义未包含内容.docx.zip.004

7-Zip 23.01 (x64) : Copyright (c) 1999-2023 Igor Pavlov : 2023-06-20

Scanning the drive:
1 file, 64947574 bytes (62 MiB)

Creating archive: D:\Study\Sync\civil\2023年教程\【1】常识\李卜开天斧\讲义未包含内容.docx.zip

Add new data to archive: 1 file, 64947574 bytes (62 MiB)


Files read from disk: 1
Archive size: 64790392 bytes (62 MiB)
Volumes: 4
Everything is Ok
删除文件 - D:\Study\Sync\civil\2023年教程\【1】常识\李卜开天斧\讲义未包含内容.docx
删除文件 - D:\Study\Sync\civil\2023年教程\【1】常识\李梦娇\讲义\00.2023年公考理论精讲・常识判断.pdf.zip.001
删除文件 - D:\Study\Sync\civil\2023年教程\【1】常识\李梦娇\讲义\00.2023年公考理论精讲・常识判断.pdf.zip.002
删除文件 - D:\Study\Sync\civil\2023年教程\【1】常识\李梦娇\讲义\00.2023年公考理论精讲・常识判断.pdf.zip.003
删除文件 - D:\Study\Sync\civil\2023年教程\【1】常识\李梦娇\讲义\00.2023年公考理论精讲・常识判断.pdf.zip.004
删除文件 - D:\Study\Sync\civil\2023年教程\【1】常识\李梦娇\讲义\00.2023年公考理论精讲・常识判断.pdf.zip.005
删除文件 - D:\Study\Sync\civil\2023年教程\【1】常识\李梦娇\讲义\00.2023年公考理论精讲・常识判断.pdf.zip.006
删除文件 - D:\Study\Sync\civil\2023年教程\【1】常识\李梦娇\讲义\00.2023年公考理论精讲・常识判断.pdf.zip.007
删除文件 - D:\Study\Sync\civil\2023年教程\【1】常识\李梦娇\讲义\00.2023年公考理论精讲・常识判断.pdf.zip.008
删除文件 - D:\Study\Sync\civil\2023年教程\【1】常识\李梦娇\讲义\00.2023年公考理论精讲・常识判断.pdf.zip.009

7-Zip 23.01 (x64) : Copyright (c) 1999-2023 Igor Pavlov : 2023-06-20

Scanning the drive:
1 file, 234821572 bytes (224 MiB)

Creating archive: D:\Study\Sync\civil\2023年教程\【1】常识\李梦娇\讲义\00.2023年公考理论精讲・常识判断.pdf.zip

Add new data to archive: 1 file, 234821572 bytes (224 MiB)


Files read from disk: 1
Archive size: 178173290 bytes (170 MiB)
Volumes: 9
Everything is Ok
删除文件 - D:\Study\Sync\civil\2023年教程\【1】常识\李梦娇\讲义\00.2023年公考理论精讲・常识判断.pdf
删除文件 - D:\Study\Sync\civil\2023年教程\【2】言语\欣说言语提分计划\言语03-言语真题演练（国考）.pdf.zip.001
删除文件 - D:\Study\Sync\civil\2023年教程\【2】言语\欣说言语提分计划\言语03-言语真题演练（国考）.pdf.zip.002

7-Zip 23.01 (x64) : Copyright (c) 1999-2023 Igor Pavlov : 2023-06-20

Scanning the drive:
1 file, 42401253 bytes (41 MiB)

Creating archive: D:\Study\Sync\civil\2023年教程\【2】言语\欣说言语提分计划\言语03-言语真题演练（国考）.pdf.zip

Add new data to archive: 1 file, 42401253 bytes (41 MiB)


Files read from disk: 1
Archive size: 39328422 bytes (38 MiB)
Volumes: 2
Everything is Ok
删除文件 - D:\Study\Sync\civil\2023年教程\【2】言语\欣说言语提分计划\言语03-言语真题演练（国考）.pdf
删除文件 - D:\Study\Sync\civil\2023年教程\【2】言语\欣说言语提分计划\言语04-言语真题演练（省考）.pdf.zip.001
删除文件 - D:\Study\Sync\civil\2023年教程\【2】言语\欣说言语提分计划\言语04-言语真题演练（省考）.pdf.zip.002

7-Zip 23.01 (x64) : Copyright (c) 1999-2023 Igor Pavlov : 2023-06-20

Scanning the drive:
1 file, 32028601 bytes (31 MiB)

Creating archive: D:\Study\Sync\civil\2023年教程\【2】言语\欣说言语提分计划\言语04-言语真题演练（省考）.pdf.zip

Add new data to archive: 1 file, 32028601 bytes (31 MiB)


Files read from disk: 1
Archive size: 29156809 bytes (28 MiB)
Volumes: 2
Everything is Ok
删除文件 - D:\Study\Sync\civil\2023年教程\【2】言语\欣说言语提分计划\言语04-言语真题演练（省考）.pdf
删除文件 - D:\Study\Sync\civil\2023年教程\【3】数量\李威猛\数量关系系统课讲义――李威猛.pdf.zip.001
删除文件 - D:\Study\Sync\civil\2023年教程\【3】数量\李威猛\数量关系系统课讲义――李威猛.pdf.zip.002

7-Zip 23.01 (x64) : Copyright (c) 1999-2023 Igor Pavlov : 2023-06-20

Scanning the drive:
1 file, 26110143 bytes (25 MiB)

Creating archive: D:\Study\Sync\civil\2023年教程\【3】数量\李威猛\数量关系系统课讲义――李威猛.pdf.zip

Add new data to archive: 1 file, 26110143 bytes (25 MiB)


Files read from disk: 1
Archive size: 21435691 bytes (21 MiB)
Volumes: 2
Everything is Ok
删除文件 - D:\Study\Sync\civil\2023年教程\【3】数量\李威猛\数量关系系统课讲义――李威猛.pdf

7-Zip 23.01 (x64) : Copyright (c) 1999-2023 Igor Pavlov : 2023-06-20


Error:
Updating for multivolume archives is not implemented
D:\Study\Sync\civil\2023年教程\【3】数量\齐麟(满分计划)\01讲义\05.7z.001

7-Zip 23.01 (x64) : Copyright (c) 1999-2023 Igor Pavlov : 2023-06-20


Error:
Updating for multivolume archives is not implemented
D:\Study\Sync\civil\2023年教程\【3】数量\齐麟(满分计划)\01讲义\公考齐麟08.7z.001

7-Zip 23.01 (x64) : Copyright (c) 1999-2023 Igor Pavlov : 2023-06-20


Error:
Updating for multivolume archives is not implemented
D:\Study\Sync\civil\2023年教程\【3】数量\齐麟(满分计划)\03第二阶段：真题演练（一轮刷题）\02.7z.001

7-Zip 23.01 (x64) : Copyright (c) 1999-2023 Igor Pavlov : 2023-06-20


Error:
Updating for multivolume archives is not implemented
D:\Study\Sync\civil\2023年教程\【3】数量\齐麟(满分计划)\06速算技巧专项课\01.7z.001
删除文件 - D:\Study\Sync\civil\2023年教程\【4】判断\胡小胡高分计划\【00】判断高分计划图书讲义\已读\判断04――判断真题演练（省考）_nowatermark.pdf.zip.001
删除文件 - D:\Study\Sync\civil\2023年教程\【4】判断\胡小胡高分计划\【00】判断高分计划图书讲义\已读\判断04――判断真题演练（省考）_nowatermark.pdf.zip.002

7-Zip 23.01 (x64) : Copyright (c) 1999-2023 Igor Pavlov : 2023-06-20

Scanning the drive:
1 file, 26772311 bytes (26 MiB)

Creating archive: D:\Study\Sync\civil\2023年教程\【4】判断\胡小胡高分计划\【00】判断高分计划图书讲义\已读\判断04――判断真题演练（省考）_nowatermark.pdf.zip

Add new data to archive: 1 file, 26772311 bytes (26 MiB)


Files read from disk: 1
Archive size: 23712835 bytes (23 MiB)
Volumes: 2
Everything is Ok
删除文件 - D:\Study\Sync\civil\2023年教程\【4】判断\胡小胡高分计划\【00】判断高分计划图书讲义\已读\判断04――判断真题演练（省考）_nowatermark.pdf

7-Zip 23.01 (x64) : Copyright (c) 1999-2023 Igor Pavlov : 2023-06-20

Scanning the drive:
1 file, 58720811 bytes (57 MiB)

Creating archive: D:\Study\Sync\civil\2023年教程\【4】判断\阿里木江\判断推理系统课――阿里木江.pdf.zip

Add new data to archive: 1 file, 58720811 bytes (57 MiB)


Files read from disk: 1
Archive size: 50099056 bytes (48 MiB)
Volumes: 3
Everything is Ok
删除文件 - D:\Study\Sync\civil\2023年教程\【4】判断\阿里木江\判断推理系统课――阿里木江.pdf
删除文件 - D:\Study\Sync\civil\2023年教程\【5】资料\李威猛\资料分析刷题讲义――李威猛.pdf.zip.001
删除文件 - D:\Study\Sync\civil\2023年教程\【5】资料\李威猛\资料分析刷题讲义――李威猛.pdf.zip.002

7-Zip 23.01 (x64) : Copyright (c) 1999-2023 Igor Pavlov : 2023-06-20

Scanning the drive:
1 file, 26963887 bytes (26 MiB)

Creating archive: D:\Study\Sync\civil\2023年教程\【5】资料\李威猛\资料分析刷题讲义――李威猛.pdf.zip

Add new data to archive: 1 file, 26963887 bytes (26 MiB)


Files read from disk: 1
Archive size: 21496593 bytes (21 MiB)
Volumes: 2
Everything is Ok
删除文件 - D:\Study\Sync\civil\2023年教程\【5】资料\李威猛\资料分析刷题讲义――李威猛.pdf
删除文件 - D:\Study\Sync\civil\2023年教程\【5】资料\李威猛\真题分析.docx.zip.001
删除文件 - D:\Study\Sync\civil\2023年教程\【5】资料\李威猛\真题分析.docx.zip.002
删除文件 - D:\Study\Sync\civil\2023年教程\【5】资料\李威猛\真题分析.docx.zip.003
删除文件 - D:\Study\Sync\civil\2023年教程\【5】资料\李威猛\真题分析.docx.zip.004

7-Zip 23.01 (x64) : Copyright (c) 1999-2023 Igor Pavlov : 2023-06-20

Scanning the drive:
1 file, 71099999 bytes (68 MiB)

Creating archive: D:\Study\Sync\civil\2023年教程\【5】资料\李威猛\真题分析.docx.zip

Add new data to archive: 1 file, 71099999 bytes (68 MiB)


Files read from disk: 1
Archive size: 70080925 bytes (67 MiB)
Volumes: 4
Everything is Ok
删除文件 - D:\Study\Sync\civil\2023年教程\【5】资料\李威猛\真题分析.docx
删除文件 - D:\Study\Sync\civil\2023年教程\【5】资料\花生\花生讲义\【花生十三】资料分析思维导图.pdf.zip.001

7-Zip 23.01 (x64) : Copyright (c) 1999-2023 Igor Pavlov : 2023-06-20

Scanning the drive:
1 file, 24469564 bytes (24 MiB)

Creating archive: D:\Study\Sync\civil\2023年教程\【5】资料\花生\花生讲义\【花生十三】资料分析思维导图.pdf.zip

Add new data to archive: 1 file, 24469564 bytes (24 MiB)


Files read from disk: 1
Archive size: 17645145 bytes (17 MiB)
Volumes: 1
Everything is Ok
删除文件 - D:\Study\Sync\civil\2023年教程\【5】资料\花生\花生讲义\【花生十三】资料分析思维导图.pdf
删除文件 - D:\Study\Sync\civil\2023年教程\【6】申论\2024国考半月谈抄出申论80+\课程59节\讲义一（1-60节用）.pdf.zip.001
删除文件 - D:\Study\Sync\civil\2023年教程\【6】申论\2024国考半月谈抄出申论80+\课程59节\讲义一（1-60节用）.pdf.zip.002

7-Zip 23.01 (x64) : Copyright (c) 1999-2023 Igor Pavlov : 2023-06-20

Scanning the drive:
1 file, 33753517 bytes (33 MiB)

Creating archive: D:\Study\Sync\civil\2023年教程\【6】申论\2024国考半月谈抄出申论80+\课程59节\讲义一（1-60节用）.pdf.zip

Add new data to archive: 1 file, 33753517 bytes (33 MiB)


Files read from disk: 1
Archive size: 31875957 bytes (31 MiB)
Volumes: 2
Everything is Ok
删除文件 - D:\Study\Sync\civil\2023年教程\【6】申论\2024国考半月谈抄出申论80+\课程59节\讲义一（1-60节用）.pdf
删除文件 - D:\Study\Sync\civil\2023年教程\【6】申论\小飞仔申论基础\讲义\申论通关班（应用文汇编）.pdf.zip.001
删除文件 - D:\Study\Sync\civil\2023年教程\【6】申论\小飞仔申论基础\讲义\申论通关班（应用文汇编）.pdf.zip.002

7-Zip 23.01 (x64) : Copyright (c) 1999-2023 Igor Pavlov : 2023-06-20

Scanning the drive:
1 file, 36821765 bytes (36 MiB)

Creating archive: D:\Study\Sync\civil\2023年教程\【6】申论\小飞仔申论基础\讲义\申论通关班（应用文汇编）.pdf.zip

Add new data to archive: 1 file, 36821765 bytes (36 MiB)


Files read from disk: 1
Archive size: 32288072 bytes (31 MiB)
Volumes: 2
Everything is Ok
删除文件 - D:\Study\Sync\civil\2023年教程\【6】申论\小飞仔申论基础\讲义\申论通关班（应用文汇编）.pdf
删除文件 - D:\Study\Sync\civil\2023年教程\【6】申论\小飞仔申论基础\讲义\申论通关班（强化刷题册）.pdf.zip.001
删除文件 - D:\Study\Sync\civil\2023年教程\【6】申论\小飞仔申论基础\讲义\申论通关班（强化刷题册）.pdf.zip.002
删除文件 - D:\Study\Sync\civil\2023年教程\【6】申论\小飞仔申论基础\讲义\申论通关班（强化刷题册）.pdf.zip.003

7-Zip 23.01 (x64) : Copyright (c) 1999-2023 Igor Pavlov : 2023-06-20

Scanning the drive:
1 file, 61374690 bytes (59 MiB)

Creating archive: D:\Study\Sync\civil\2023年教程\【6】申论\小飞仔申论基础\讲义\申论通关班（强化刷题册）.pdf.zip

Add new data to archive: 1 file, 61374690 bytes (59 MiB)


Files read from disk: 1
Archive size: 54713619 bytes (53 MiB)
Volumes: 3
Everything is Ok
删除文件 - D:\Study\Sync\civil\2023年教程\【6】申论\小飞仔申论基础\讲义\申论通关班（强化刷题册）.pdf
删除文件 - D:\Study\Sync\civil\2023年教程\【6】申论\小飞仔申论基础\讲义\申论通关班（真题范文合集）.pdf.zip.001
删除文件 - D:\Study\Sync\civil\2023年教程\【6】申论\小飞仔申论基础\讲义\申论通关班（真题范文合集）.pdf.zip.002

7-Zip 23.01 (x64) : Copyright (c) 1999-2023 Igor Pavlov : 2023-06-20

Scanning the drive:
1 file, 32797753 bytes (32 MiB)

Creating archive: D:\Study\Sync\civil\2023年教程\【6】申论\小飞仔申论基础\讲义\申论通关班（真题范文合集）.pdf.zip

Add new data to archive: 1 file, 32797753 bytes (32 MiB)


Files read from disk: 1
Archive size: 29140426 bytes (28 MiB)
Volumes: 2
Everything is Ok
删除文件 - D:\Study\Sync\civil\2023年教程\【6】申论\小飞仔申论基础\讲义\申论通关班（真题范文合集）.pdf
删除文件 - D:\Study\Sync\civil\2023年教程\【1】常识\丹丹（官网沿用22上半年）\2022丹丹常识（录播课）\讲义资料包\复习资料\【四海】早读笔记--丹丹老师.pdf.zip.001
删除文件 - D:\Study\Sync\civil\2023年教程\【1】常识\丹丹（官网沿用22上半年）\2022丹丹常识（录播课）\讲义资料包\复习资料\【四海】早读笔记--丹丹老师.pdf.zip.002

7-Zip 23.01 (x64) : Copyright (c) 1999-2023 Igor Pavlov : 2023-06-20

Scanning the drive:
1 file, 28926466 bytes (28 MiB)

Creating archive: D:\Study\Sync\civil\2023年教程\【1】常识\丹丹（官网沿用22上半年）\2022丹丹常识（录播课）\讲义资料包\复习资料\【四海】早读笔记--丹丹老师.pdf.zip

Add new data to archive: 1 file, 28926466 bytes (28 MiB)


Files read from disk: 1
Archive size: 28738622 bytes (28 MiB)
Volumes: 2
Everything is Ok
删除文件 - D:\Study\Sync\civil\2023年教程\【1】常识\丹丹（官网沿用22上半年）\2022丹丹常识（录播课）\讲义资料包\复习资料\【四海】早读笔记--丹丹老师.pdf
删除文件 - D:\Study\Sync\civil\2023年教程\【1】常识\丹丹（官网沿用22上半年）\2022丹丹常识（录播课）\讲义资料包\练习题\05-常识判断3000题（答案篇）--丹丹.pdf.zip.001
删除文件 - D:\Study\Sync\civil\2023年教程\【1】常识\丹丹（官网沿用22上半年）\2022丹丹常识（录播课）\讲义资料包\练习题\05-常识判断3000题（答案篇）--丹丹.pdf.zip.002

7-Zip 23.01 (x64) : Copyright (c) 1999-2023 Igor Pavlov : 2023-06-20

Scanning the drive:
1 file, 27067789 bytes (26 MiB)

Creating archive: D:\Study\Sync\civil\2023年教程\【1】常识\丹丹（官网沿用22上半年）\2022丹丹常识（录播课）\讲义资料包\练习题\05-常识判断3000题（答案篇）--丹丹.pdf.zip

Add new data to archive: 1 file, 27067789 bytes (26 MiB)


Files read from disk: 1
Archive size: 26639562 bytes (26 MiB)
Volumes: 2
Everything is Ok
删除文件 - D:\Study\Sync\civil\2023年教程\【1】常识\丹丹（官网沿用22上半年）\2022丹丹常识（录播课）\讲义资料包\练习题\05-常识判断3000题（答案篇）--丹丹.pdf
删除文件 - D:\Study\Sync\civil\2023年教程\【1】常识\丹丹（官网沿用22上半年）\2022丹丹常识（录播课）\讲义资料包\赠送公基6000题\公基模块题库6000题【答案汇总篇】--丹丹.pdf.zip.001
删除文件 - D:\Study\Sync\civil\2023年教程\【1】常识\丹丹（官网沿用22上半年）\2022丹丹常识（录播课）\讲义资料包\赠送公基6000题\公基模块题库6000题【答案汇总篇】--丹丹.pdf.zip.002

7-Zip 23.01 (x64) : Copyright (c) 1999-2023 Igor Pavlov : 2023-06-20

Scanning the drive:
1 file, 31558615 bytes (31 MiB)

Creating archive: D:\Study\Sync\civil\2023年教程\【1】常识\丹丹（官网沿用22上半年）\2022丹丹常识（录播课）\讲义资料包\赠送公基6000题\公基模块题库6000题【答案汇总篇】--丹丹.pdf.zip

Add new data to archive: 1 file, 31558615 bytes (31 MiB)


Files read from disk: 1
Archive size: 31228867 bytes (30 MiB)
Volumes: 2
Everything is Ok
删除文件 - D:\Study\Sync\civil\2023年教程\【1】常识\丹丹（官网沿用22上半年）\2022丹丹常识（录播课）\讲义资料包\赠送公基6000题\公基模块题库6000题【答案汇总篇】--丹丹.pdf
删除文件 - D:\Study\Sync\civil\2023年教程\【1】常识\李卜开天斧\00.讲义.pdf.zip.001
删除文件 - D:\Study\Sync\civil\2023年教程\【1】常识\李卜开天斧\00.讲义.pdf.zip.002
删除文件 - D:\Study\Sync\civil\2023年教程\【1】常识\李卜开天斧\00.讲义.pdf.zip.003
删除文件 - D:\Study\Sync\civil\2023年教程\【1】常识\李卜开天斧\00.讲义.pdf.zip.004
删除文件 - D:\Study\Sync\civil\2023年教程\【1】常识\李卜开天斧\00.讲义.pdf.zip.005
删除文件 - D:\Study\Sync\civil\2023年教程\【1】常识\李卜开天斧\00.讲义.pdf.zip.006

7-Zip 23.01 (x64) : Copyright (c) 1999-2023 Igor Pavlov : 2023-06-20

Scanning the drive:
1 file, 136478436 bytes (131 MiB)

Creating archive: D:\Study\Sync\civil\2023年教程\【1】常识\李卜开天斧\00.讲义.pdf.zip

Add new data to archive: 1 file, 136478436 bytes (131 MiB)


Files read from disk: 1
Archive size: 112750215 bytes (108 MiB)
Volumes: 6
Everything is Ok
删除文件 - D:\Study\Sync\civil\2023年教程\【1】常识\李卜开天斧\00.讲义.pdf
删除文件 - D:\Study\Sync\civil\2023年教程\【1】常识\李卜开天斧\讲义未包含内容.docx.zip.001
删除文件 - D:\Study\Sync\civil\2023年教程\【1】常识\李卜开天斧\讲义未包含内容.docx.zip.002
删除文件 - D:\Study\Sync\civil\2023年教程\【1】常识\李卜开天斧\讲义未包含内容.docx.zip.003
删除文件 - D:\Study\Sync\civil\2023年教程\【1】常识\李卜开天斧\讲义未包含内容.docx.zip.004

7-Zip 23.01 (x64) : Copyright (c) 1999-2023 Igor Pavlov : 2023-06-20

Scanning the drive:
1 file, 64947574 bytes (62 MiB)

Creating archive: D:\Study\Sync\civil\2023年教程\【1】常识\李卜开天斧\讲义未包含内容.docx.zip

Add new data to archive: 1 file, 64947574 bytes (62 MiB)


Files read from disk: 1
Archive size: 64790392 bytes (62 MiB)
Volumes: 4
Everything is Ok
删除文件 - D:\Study\Sync\civil\2023年教程\【1】常识\李卜开天斧\讲义未包含内容.docx
删除文件 - D:\Study\Sync\civil\2023年教程\【1】常识\李梦娇\讲义\00.2023年公考理论精讲・常识判断.pdf.zip.001
删除文件 - D:\Study\Sync\civil\2023年教程\【1】常识\李梦娇\讲义\00.2023年公考理论精讲・常识判断.pdf.zip.002
删除文件 - D:\Study\Sync\civil\2023年教程\【1】常识\李梦娇\讲义\00.2023年公考理论精讲・常识判断.pdf.zip.003
删除文件 - D:\Study\Sync\civil\2023年教程\【1】常识\李梦娇\讲义\00.2023年公考理论精讲・常识判断.pdf.zip.004
删除文件 - D:\Study\Sync\civil\2023年教程\【1】常识\李梦娇\讲义\00.2023年公考理论精讲・常识判断.pdf.zip.005
删除文件 - D:\Study\Sync\civil\2023年教程\【1】常识\李梦娇\讲义\00.2023年公考理论精讲・常识判断.pdf.zip.006
删除文件 - D:\Study\Sync\civil\2023年教程\【1】常识\李梦娇\讲义\00.2023年公考理论精讲・常识判断.pdf.zip.007
删除文件 - D:\Study\Sync\civil\2023年教程\【1】常识\李梦娇\讲义\00.2023年公考理论精讲・常识判断.pdf.zip.008
删除文件 - D:\Study\Sync\civil\2023年教程\【1】常识\李梦娇\讲义\00.2023年公考理论精讲・常识判断.pdf.zip.009

7-Zip 23.01 (x64) : Copyright (c) 1999-2023 Igor Pavlov : 2023-06-20

Scanning the drive:
1 file, 234821572 bytes (224 MiB)

Creating archive: D:\Study\Sync\civil\2023年教程\【1】常识\李梦娇\讲义\00.2023年公考理论精讲・常识判断.pdf.zip

Add new data to archive: 1 file, 234821572 bytes (224 MiB)


Files read from disk: 1
Archive size: 178173290 bytes (170 MiB)
Volumes: 9
Everything is Ok
删除文件 - D:\Study\Sync\civil\2023年教程\【1】常识\李梦娇\讲义\00.2023年公考理论精讲・常识判断.pdf
删除文件 - D:\Study\Sync\civil\2023年教程\【2】言语\欣说言语提分计划\言语03-言语真题演练（国考）.pdf.zip.001
删除文件 - D:\Study\Sync\civil\2023年教程\【2】言语\欣说言语提分计划\言语03-言语真题演练（国考）.pdf.zip.002

7-Zip 23.01 (x64) : Copyright (c) 1999-2023 Igor Pavlov : 2023-06-20

Scanning the drive:
1 file, 42401253 bytes (41 MiB)

Creating archive: D:\Study\Sync\civil\2023年教程\【2】言语\欣说言语提分计划\言语03-言语真题演练（国考）.pdf.zip

Add new data to archive: 1 file, 42401253 bytes (41 MiB)


Files read from disk: 1
Archive size: 39328422 bytes (38 MiB)
Volumes: 2
Everything is Ok
删除文件 - D:\Study\Sync\civil\2023年教程\【2】言语\欣说言语提分计划\言语03-言语真题演练（国考）.pdf
删除文件 - D:\Study\Sync\civil\2023年教程\【2】言语\欣说言语提分计划\言语04-言语真题演练（省考）.pdf.zip.001
删除文件 - D:\Study\Sync\civil\2023年教程\【2】言语\欣说言语提分计划\言语04-言语真题演练（省考）.pdf.zip.002

7-Zip 23.01 (x64) : Copyright (c) 1999-2023 Igor Pavlov : 2023-06-20

Scanning the drive:
1 file, 32028601 bytes (31 MiB)

Creating archive: D:\Study\Sync\civil\2023年教程\【2】言语\欣说言语提分计划\言语04-言语真题演练（省考）.pdf.zip

Add new data to archive: 1 file, 32028601 bytes (31 MiB)


Files read from disk: 1
Archive size: 29156809 bytes (28 MiB)
Volumes: 2
Everything is Ok
删除文件 - D:\Study\Sync\civil\2023年教程\【2】言语\欣说言语提分计划\言语04-言语真题演练（省考）.pdf
删除文件 - D:\Study\Sync\civil\2023年教程\【3】数量\李威猛\数量关系系统课讲义――李威猛.pdf.zip.001
删除文件 - D:\Study\Sync\civil\2023年教程\【3】数量\李威猛\数量关系系统课讲义――李威猛.pdf.zip.002

7-Zip 23.01 (x64) : Copyright (c) 1999-2023 Igor Pavlov : 2023-06-20

Scanning the drive:
1 file, 26110143 bytes (25 MiB)

Creating archive: D:\Study\Sync\civil\2023年教程\【3】数量\李威猛\数量关系系统课讲义――李威猛.pdf.zip

Add new data to archive: 1 file, 26110143 bytes (25 MiB)


Files read from disk: 1
Archive size: 21435691 bytes (21 MiB)
Volumes: 2
Everything is Ok
删除文件 - D:\Study\Sync\civil\2023年教程\【3】数量\李威猛\数量关系系统课讲义――李威猛.pdf

7-Zip 23.01 (x64) : Copyright (c) 1999-2023 Igor Pavlov : 2023-06-20


Error:
Updating for multivolume archives is not implemented
D:\Study\Sync\civil\2023年教程\【3】数量\齐麟(满分计划)\01讲义\05.7z.001

7-Zip 23.01 (x64) : Copyright (c) 1999-2023 Igor Pavlov : 2023-06-20


Error:
Updating for multivolume archives is not implemented
D:\Study\Sync\civil\2023年教程\【3】数量\齐麟(满分计划)\01讲义\公考齐麟08.7z.001

7-Zip 23.01 (x64) : Copyright (c) 1999-2023 Igor Pavlov : 2023-06-20


Error:
Updating for multivolume archives is not implemented
D:\Study\Sync\civil\2023年教程\【3】数量\齐麟(满分计划)\03第二阶段：真题演练（一轮刷题）\02.7z.001

7-Zip 23.01 (x64) : Copyright (c) 1999-2023 Igor Pavlov : 2023-06-20


Error:
Updating for multivolume archives is not implemented
D:\Study\Sync\civil\2023年教程\【3】数量\齐麟(满分计划)\06速算技巧专项课\01.7z.001
删除文件 - D:\Study\Sync\civil\2023年教程\【4】判断\胡小胡高分计划\【00】判断高分计划图书讲义\已读\判断04――判断真题演练（省考）_nowatermark.pdf.zip.001
删除文件 - D:\Study\Sync\civil\2023年教程\【4】判断\胡小胡高分计划\【00】判断高分计划图书讲义\已读\判断04――判断真题演练（省考）_nowatermark.pdf.zip.002

7-Zip 23.01 (x64) : Copyright (c) 1999-2023 Igor Pavlov : 2023-06-20

Scanning the drive:
1 file, 26772311 bytes (26 MiB)

Creating archive: D:\Study\Sync\civil\2023年教程\【4】判断\胡小胡高分计划\【00】判断高分计划图书讲义\已读\判断04――判断真题演练（省考）_nowatermark.pdf.zip

Add new data to archive: 1 file, 26772311 bytes (26 MiB)


Files read from disk: 1
Archive size: 23712835 bytes (23 MiB)
Volumes: 2
Everything is Ok
删除文件 - D:\Study\Sync\civil\2023年教程\【4】判断\胡小胡高分计划\【00】判断高分计划图书讲义\已读\判断04――判断真题演练（省考）_nowatermark.pdf
删除文件 - D:\Study\Sync\civil\2023年教程\【4】判断\阿里木江\判断推理系统课――阿里木江.pdf.zip.001
删除文件 - D:\Study\Sync\civil\2023年教程\【4】判断\阿里木江\判断推理系统课――阿里木江.pdf.zip.002
删除文件 - D:\Study\Sync\civil\2023年教程\【4】判断\阿里木江\判断推理系统课――阿里木江.pdf.zip.003
删除文件 - D:\Study\Sync\civil\2023年教程\【4】判断\阿里木江\系统课\判断推理系统课――阿里木江.pdf.zip.001
删除文件 - D:\Study\Sync\civil\2023年教程\【4】判断\阿里木江\系统课\判断推理系统课――阿里木江.pdf.zip.002
删除文件 - D:\Study\Sync\civil\2023年教程\【4】判断\阿里木江\系统课\判断推理系统课――阿里木江.pdf.zip.003

7-Zip 23.01 (x64) : Copyright (c) 1999-2023 Igor Pavlov : 2023-06-20

Scanning the drive:
1 file, 58720811 bytes (57 MiB)

Creating archive: D:\Study\Sync\civil\2023年教程\【4】判断\阿里木江\判断推理系统课――阿里木江.pdf.zip

Add new data to archive: 1 file, 58720811 bytes (57 MiB)


Files read from disk: 1
Archive size: 50099056 bytes (48 MiB)
Volumes: 3
Everything is Ok
删除文件 - D:\Study\Sync\civil\2023年教程\【4】判断\阿里木江\判断推理系统课――阿里木江.pdf
删除文件 - D:\Study\Sync\civil\2023年教程\【5】资料\李威猛\资料分析刷题讲义――李威猛.pdf.zip.001
删除文件 - D:\Study\Sync\civil\2023年教程\【5】资料\李威猛\资料分析刷题讲义――李威猛.pdf.zip.002

7-Zip 23.01 (x64) : Copyright (c) 1999-2023 Igor Pavlov : 2023-06-20

Scanning the drive:
1 file, 26963887 bytes (26 MiB)

Creating archive: D:\Study\Sync\civil\2023年教程\【5】资料\李威猛\资料分析刷题讲义――李威猛.pdf.zip

Add new data to archive: 1 file, 26963887 bytes (26 MiB)


Files read from disk: 1
Archive size: 21496593 bytes (21 MiB)
Volumes: 2
Everything is Ok
删除文件 - D:\Study\Sync\civil\2023年教程\【5】资料\李威猛\资料分析刷题讲义――李威猛.pdf
删除文件 - D:\Study\Sync\civil\2023年教程\【5】资料\李威猛\真题分析.docx.zip.001
删除文件 - D:\Study\Sync\civil\2023年教程\【5】资料\李威猛\真题分析.docx.zip.002
删除文件 - D:\Study\Sync\civil\2023年教程\【5】资料\李威猛\真题分析.docx.zip.003
删除文件 - D:\Study\Sync\civil\2023年教程\【5】资料\李威猛\真题分析.docx.zip.004

7-Zip 23.01 (x64) : Copyright (c) 1999-2023 Igor Pavlov : 2023-06-20

Scanning the drive:
1 file, 71099999 bytes (68 MiB)

Creating archive: D:\Study\Sync\civil\2023年教程\【5】资料\李威猛\真题分析.docx.zip

Add new data to archive: 1 file, 71099999 bytes (68 MiB)


Files read from disk: 1
Archive size: 70080925 bytes (67 MiB)
Volumes: 4
Everything is Ok
删除文件 - D:\Study\Sync\civil\2023年教程\【5】资料\李威猛\真题分析.docx
删除文件 - D:\Study\Sync\civil\2023年教程\【5】资料\花生\花生讲义\【花生十三】资料分析思维导图.pdf.zip.001

7-Zip 23.01 (x64) : Copyright (c) 1999-2023 Igor Pavlov : 2023-06-20

Scanning the drive:
1 file, 24469564 bytes (24 MiB)

Creating archive: D:\Study\Sync\civil\2023年教程\【5】资料\花生\花生讲义\【花生十三】资料分析思维导图.pdf.zip

Add new data to archive: 1 file, 24469564 bytes (24 MiB)


Files read from disk: 1
Archive size: 17645145 bytes (17 MiB)
Volumes: 1
Everything is Ok
删除文件 - D:\Study\Sync\civil\2023年教程\【5】资料\花生\花生讲义\【花生十三】资料分析思维导图.pdf
删除文件 - D:\Study\Sync\civil\2023年教程\【6】申论\2024国考半月谈抄出申论80+\课程59节\讲义一（1-60节用）.pdf.zip.001
删除文件 - D:\Study\Sync\civil\2023年教程\【6】申论\2024国考半月谈抄出申论80+\课程59节\讲义一（1-60节用）.pdf.zip.002

7-Zip 23.01 (x64) : Copyright (c) 1999-2023 Igor Pavlov : 2023-06-20

Scanning the drive:
1 file, 35757910 bytes (35 MiB)

Creating archive: D:\Study\Sync\civil\2023年教程\【6】申论\2024国考半月谈抄出申论80+\课程59节\讲义一（1-60节用）.pdf.zip

Add new data to archive: 1 file, 35757910 bytes (35 MiB)


Files read from disk: 1
Archive size: 33775256 bytes (33 MiB)
Volumes: 2
Everything is Ok
删除文件 - D:\Study\Sync\civil\2023年教程\【6】申论\2024国考半月谈抄出申论80+\课程59节\讲义一（1-60节用）.pdf
删除文件 - D:\Study\Sync\civil\2023年教程\【6】申论\小飞仔申论基础\讲义\申论通关班（应用文汇编）.pdf.zip.001
删除文件 - D:\Study\Sync\civil\2023年教程\【6】申论\小飞仔申论基础\讲义\申论通关班（应用文汇编）.pdf.zip.002

7-Zip 23.01 (x64) : Copyright (c) 1999-2023 Igor Pavlov : 2023-06-20

Scanning the drive:
1 file, 36821765 bytes (36 MiB)

Creating archive: D:\Study\Sync\civil\2023年教程\【6】申论\小飞仔申论基础\讲义\申论通关班（应用文汇编）.pdf.zip

Add new data to archive: 1 file, 36821765 bytes (36 MiB)


Files read from disk: 1
Archive size: 32288072 bytes (31 MiB)
Volumes: 2
Everything is Ok
删除文件 - D:\Study\Sync\civil\2023年教程\【6】申论\小飞仔申论基础\讲义\申论通关班（应用文汇编）.pdf
删除文件 - D:\Study\Sync\civil\2023年教程\【6】申论\小飞仔申论基础\讲义\申论通关班（强化刷题册）.pdf.zip.001
删除文件 - D:\Study\Sync\civil\2023年教程\【6】申论\小飞仔申论基础\讲义\申论通关班（强化刷题册）.pdf.zip.002
删除文件 - D:\Study\Sync\civil\2023年教程\【6】申论\小飞仔申论基础\讲义\申论通关班（强化刷题册）.pdf.zip.003

7-Zip 23.01 (x64) : Copyright (c) 1999-2023 Igor Pavlov : 2023-06-20

Scanning the drive:
1 file, 61374690 bytes (59 MiB)

Creating archive: D:\Study\Sync\civil\2023年教程\【6】申论\小飞仔申论基础\讲义\申论通关班（强化刷题册）.pdf.zip

Add new data to archive: 1 file, 61374690 bytes (59 MiB)


Files read from disk: 1
Archive size: 54713619 bytes (53 MiB)
Volumes: 3
Everything is Ok
删除文件 - D:\Study\Sync\civil\2023年教程\【6】申论\小飞仔申论基础\讲义\申论通关班（强化刷题册）.pdf
删除文件 - D:\Study\Sync\civil\2023年教程\【6】申论\小飞仔申论基础\讲义\申论通关班（真题范文合集）.pdf.zip.001
删除文件 - D:\Study\Sync\civil\2023年教程\【6】申论\小飞仔申论基础\讲义\申论通关班（真题范文合集）.pdf.zip.002

7-Zip 23.01 (x64) : Copyright (c) 1999-2023 Igor Pavlov : 2023-06-20

Scanning the drive:
1 file, 32797753 bytes (32 MiB)

Creating archive: D:\Study\Sync\civil\2023年教程\【6】申论\小飞仔申论基础\讲义\申论通关班（真题范文合集）.pdf.zip

Add new data to archive: 1 file, 32797753 bytes (32 MiB)


Files read from disk: 1
Archive size: 29140426 bytes (28 MiB)
Volumes: 2
Everything is Ok
删除文件 - D:\Study\Sync\civil\2023年教程\【6】申论\小飞仔申论基础\讲义\申论通关班（真题范文合集）.pdf
删除文件 - D:\Study\Sync\civil\2023年教程\【1】常识\丹丹（官网沿用22上半年）\2022丹丹常识（录播课）\讲义资料包\复习资料\【四海】早读笔记--丹丹老师.pdf.zip.001
删除文件 - D:\Study\Sync\civil\2023年教程\【1】常识\丹丹（官网沿用22上半年）\2022丹丹常识（录播课）\讲义资料包\复习资料\【四海】早读笔记--丹丹老师.pdf.zip.002

7-Zip 23.01 (x64) : Copyright (c) 1999-2023 Igor Pavlov : 2023-06-20

Scanning the drive:
1 file, 28926466 bytes (28 MiB)

Creating archive: D:\Study\Sync\civil\2023年教程\【1】常识\丹丹（官网沿用22上半年）\2022丹丹常识（录播课）\讲义资料包\复习资料\【四海】早读笔记--丹丹老师.pdf.zip

Add new data to archive: 1 file, 28926466 bytes (28 MiB)


Files read from disk: 1
Archive size: 28738622 bytes (28 MiB)
Volumes: 2
Everything is Ok
删除文件 - D:\Study\Sync\civil\2023年教程\【1】常识\丹丹（官网沿用22上半年）\2022丹丹常识（录播课）\讲义资料包\复习资料\【四海】早读笔记--丹丹老师.pdf
删除文件 - D:\Study\Sync\civil\2023年教程\【1】常识\丹丹（官网沿用22上半年）\2022丹丹常识（录播课）\讲义资料包\练习题\05-常识判断3000题（答案篇）--丹丹.pdf.zip.001
删除文件 - D:\Study\Sync\civil\2023年教程\【1】常识\丹丹（官网沿用22上半年）\2022丹丹常识（录播课）\讲义资料包\练习题\05-常识判断3000题（答案篇）--丹丹.pdf.zip.002

7-Zip 23.01 (x64) : Copyright (c) 1999-2023 Igor Pavlov : 2023-06-20

Scanning the drive:
1 file, 27067789 bytes (26 MiB)

Creating archive: D:\Study\Sync\civil\2023年教程\【1】常识\丹丹（官网沿用22上半年）\2022丹丹常识（录播课）\讲义资料包\练习题\05-常识判断3000题（答案篇）--丹丹.pdf.zip

Add new data to archive: 1 file, 27067789 bytes (26 MiB)


Files read from disk: 1
Archive size: 26639562 bytes (26 MiB)
Volumes: 2
Everything is Ok
删除文件 - D:\Study\Sync\civil\2023年教程\【1】常识\丹丹（官网沿用22上半年）\2022丹丹常识（录播课）\讲义资料包\练习题\05-常识判断3000题（答案篇）--丹丹.pdf
删除文件 - D:\Study\Sync\civil\2023年教程\【1】常识\丹丹（官网沿用22上半年）\2022丹丹常识（录播课）\讲义资料包\赠送公基6000题\公基模块题库6000题【答案汇总篇】--丹丹.pdf.zip.001
删除文件 - D:\Study\Sync\civil\2023年教程\【1】常识\丹丹（官网沿用22上半年）\2022丹丹常识（录播课）\讲义资料包\赠送公基6000题\公基模块题库6000题【答案汇总篇】--丹丹.pdf.zip.002

7-Zip 23.01 (x64) : Copyright (c) 1999-2023 Igor Pavlov : 2023-06-20

Scanning the drive:
1 file, 31558615 bytes (31 MiB)

Creating archive: D:\Study\Sync\civil\2023年教程\【1】常识\丹丹（官网沿用22上半年）\2022丹丹常识（录播课）\讲义资料包\赠送公基6000题\公基模块题库6000题【答案汇总篇】--丹丹.pdf.zip

Add new data to archive: 1 file, 31558615 bytes (31 MiB)


Files read from disk: 1
Archive size: 31228867 bytes (30 MiB)
Volumes: 2
Everything is Ok
删除文件 - D:\Study\Sync\civil\2023年教程\【1】常识\丹丹（官网沿用22上半年）\2022丹丹常识（录播课）\讲义资料包\赠送公基6000题\公基模块题库6000题【答案汇总篇】--丹丹.pdf
删除文件 - D:\Study\Sync\civil\2023年教程\【1】常识\李卜开天斧\00.讲义.pdf.zip.001
删除文件 - D:\Study\Sync\civil\2023年教程\【1】常识\李卜开天斧\00.讲义.pdf.zip.002
删除文件 - D:\Study\Sync\civil\2023年教程\【1】常识\李卜开天斧\00.讲义.pdf.zip.003
删除文件 - D:\Study\Sync\civil\2023年教程\【1】常识\李卜开天斧\00.讲义.pdf.zip.004
删除文件 - D:\Study\Sync\civil\2023年教程\【1】常识\李卜开天斧\00.讲义.pdf.zip.005
删除文件 - D:\Study\Sync\civil\2023年教程\【1】常识\李卜开天斧\00.讲义.pdf.zip.006

7-Zip 23.01 (x64) : Copyright (c) 1999-2023 Igor Pavlov : 2023-06-20

Scanning the drive:
1 file, 136478436 bytes (131 MiB)

Creating archive: D:\Study\Sync\civil\2023年教程\【1】常识\李卜开天斧\00.讲义.pdf.zip

Add new data to archive: 1 file, 136478436 bytes (131 MiB)


Files read from disk: 1
Archive size: 112750215 bytes (108 MiB)
Volumes: 6
Everything is Ok
删除文件 - D:\Study\Sync\civil\2023年教程\【1】常识\李卜开天斧\00.讲义.pdf
删除文件 - D:\Study\Sync\civil\2023年教程\【1】常识\李卜开天斧\讲义未包含内容.docx.zip.001
删除文件 - D:\Study\Sync\civil\2023年教程\【1】常识\李卜开天斧\讲义未包含内容.docx.zip.002
删除文件 - D:\Study\Sync\civil\2023年教程\【1】常识\李卜开天斧\讲义未包含内容.docx.zip.003
删除文件 - D:\Study\Sync\civil\2023年教程\【1】常识\李卜开天斧\讲义未包含内容.docx.zip.004

7-Zip 23.01 (x64) : Copyright (c) 1999-2023 Igor Pavlov : 2023-06-20

Scanning the drive:
1 file, 64947574 bytes (62 MiB)

Creating archive: D:\Study\Sync\civil\2023年教程\【1】常识\李卜开天斧\讲义未包含内容.docx.zip

Add new data to archive: 1 file, 64947574 bytes (62 MiB)


Files read from disk: 1
Archive size: 64790392 bytes (62 MiB)
Volumes: 4
Everything is Ok
删除文件 - D:\Study\Sync\civil\2023年教程\【1】常识\李卜开天斧\讲义未包含内容.docx
删除文件 - D:\Study\Sync\civil\2023年教程\【1】常识\李梦娇\讲义\00.2023年公考理论精讲・常识判断.pdf.zip.001
删除文件 - D:\Study\Sync\civil\2023年教程\【1】常识\李梦娇\讲义\00.2023年公考理论精讲・常识判断.pdf.zip.002
删除文件 - D:\Study\Sync\civil\2023年教程\【1】常识\李梦娇\讲义\00.2023年公考理论精讲・常识判断.pdf.zip.003
删除文件 - D:\Study\Sync\civil\2023年教程\【1】常识\李梦娇\讲义\00.2023年公考理论精讲・常识判断.pdf.zip.004
删除文件 - D:\Study\Sync\civil\2023年教程\【1】常识\李梦娇\讲义\00.2023年公考理论精讲・常识判断.pdf.zip.005
删除文件 - D:\Study\Sync\civil\2023年教程\【1】常识\李梦娇\讲义\00.2023年公考理论精讲・常识判断.pdf.zip.006
删除文件 - D:\Study\Sync\civil\2023年教程\【1】常识\李梦娇\讲义\00.2023年公考理论精讲・常识判断.pdf.zip.007
删除文件 - D:\Study\Sync\civil\2023年教程\【1】常识\李梦娇\讲义\00.2023年公考理论精讲・常识判断.pdf.zip.008
删除文件 - D:\Study\Sync\civil\2023年教程\【1】常识\李梦娇\讲义\00.2023年公考理论精讲・常识判断.pdf.zip.009

7-Zip 23.01 (x64) : Copyright (c) 1999-2023 Igor Pavlov : 2023-06-20

Scanning the drive:
1 file, 234821572 bytes (224 MiB)

Creating archive: D:\Study\Sync\civil\2023年教程\【1】常识\李梦娇\讲义\00.2023年公考理论精讲・常识判断.pdf.zip

Add new data to archive: 1 file, 234821572 bytes (224 MiB)


Files read from disk: 1
Archive size: 178173290 bytes (170 MiB)
Volumes: 9
Everything is Ok
删除文件 - D:\Study\Sync\civil\2023年教程\【1】常识\李梦娇\讲义\00.2023年公考理论精讲・常识判断.pdf
删除文件 - D:\Study\Sync\civil\2023年教程\【2】言语\欣说言语提分计划\言语03-言语真题演练（国考）.pdf.zip.001
删除文件 - D:\Study\Sync\civil\2023年教程\【2】言语\欣说言语提分计划\言语03-言语真题演练（国考）.pdf.zip.002

7-Zip 23.01 (x64) : Copyright (c) 1999-2023 Igor Pavlov : 2023-06-20

Scanning the drive:
1 file, 42401253 bytes (41 MiB)

Creating archive: D:\Study\Sync\civil\2023年教程\【2】言语\欣说言语提分计划\言语03-言语真题演练（国考）.pdf.zip

Add new data to archive: 1 file, 42401253 bytes (41 MiB)


Files read from disk: 1
Archive size: 39328422 bytes (38 MiB)
Volumes: 2
Everything is Ok
删除文件 - D:\Study\Sync\civil\2023年教程\【2】言语\欣说言语提分计划\言语03-言语真题演练（国考）.pdf
删除文件 - D:\Study\Sync\civil\2023年教程\【2】言语\欣说言语提分计划\言语04-言语真题演练（省考）.pdf.zip.001
删除文件 - D:\Study\Sync\civil\2023年教程\【2】言语\欣说言语提分计划\言语04-言语真题演练（省考）.pdf.zip.002

7-Zip 23.01 (x64) : Copyright (c) 1999-2023 Igor Pavlov : 2023-06-20

Scanning the drive:
1 file, 32028601 bytes (31 MiB)

Creating archive: D:\Study\Sync\civil\2023年教程\【2】言语\欣说言语提分计划\言语04-言语真题演练（省考）.pdf.zip

Add new data to archive: 1 file, 32028601 bytes (31 MiB)


Files read from disk: 1
Archive size: 29156809 bytes (28 MiB)
Volumes: 2
Everything is Ok
删除文件 - D:\Study\Sync\civil\2023年教程\【2】言语\欣说言语提分计划\言语04-言语真题演练（省考）.pdf
删除文件 - D:\Study\Sync\civil\2023年教程\【3】数量\李威猛\数量关系系统课讲义――李威猛.pdf.zip.001
删除文件 - D:\Study\Sync\civil\2023年教程\【3】数量\李威猛\数量关系系统课讲义――李威猛.pdf.zip.002

7-Zip 23.01 (x64) : Copyright (c) 1999-2023 Igor Pavlov : 2023-06-20

Scanning the drive:
1 file, 26110143 bytes (25 MiB)

Creating archive: D:\Study\Sync\civil\2023年教程\【3】数量\李威猛\数量关系系统课讲义――李威猛.pdf.zip

Add new data to archive: 1 file, 26110143 bytes (25 MiB)


Files read from disk: 1
Archive size: 21435691 bytes (21 MiB)
Volumes: 2
Everything is Ok
删除文件 - D:\Study\Sync\civil\2023年教程\【3】数量\李威猛\数量关系系统课讲义――李威猛.pdf

7-Zip 23.01 (x64) : Copyright (c) 1999-2023 Igor Pavlov : 2023-06-20


Error:
Updating for multivolume archives is not implemented
D:\Study\Sync\civil\2023年教程\【3】数量\齐麟(满分计划)\01讲义\05.7z.001

7-Zip 23.01 (x64) : Copyright (c) 1999-2023 Igor Pavlov : 2023-06-20


Error:
Updating for multivolume archives is not implemented
D:\Study\Sync\civil\2023年教程\【3】数量\齐麟(满分计划)\01讲义\公考齐麟08.7z.001

7-Zip 23.01 (x64) : Copyright (c) 1999-2023 Igor Pavlov : 2023-06-20


Error:
Updating for multivolume archives is not implemented
D:\Study\Sync\civil\2023年教程\【3】数量\齐麟(满分计划)\03第二阶段：真题演练（一轮刷题）\02.7z.001

7-Zip 23.01 (x64) : Copyright (c) 1999-2023 Igor Pavlov : 2023-06-20


Error:
Updating for multivolume archives is not implemented
D:\Study\Sync\civil\2023年教程\【3】数量\齐麟(满分计划)\06速算技巧专项课\01.7z.001
删除文件 - D:\Study\Sync\civil\2023年教程\【4】判断\胡小胡高分计划\【00】判断高分计划图书讲义\已读\判断04――判断真题演练（省考）_nowatermark.pdf.zip.001
删除文件 - D:\Study\Sync\civil\2023年教程\【4】判断\胡小胡高分计划\【00】判断高分计划图书讲义\已读\判断04――判断真题演练（省考）_nowatermark.pdf.zip.002

7-Zip 23.01 (x64) : Copyright (c) 1999-2023 Igor Pavlov : 2023-06-20

Scanning the drive:
1 file, 26772311 bytes (26 MiB)

Creating archive: D:\Study\Sync\civil\2023年教程\【4】判断\胡小胡高分计划\【00】判断高分计划图书讲义\已读\判断04――判断真题演练（省考）_nowatermark.pdf.zip

Add new data to archive: 1 file, 26772311 bytes (26 MiB)


Files read from disk: 1
Archive size: 23712835 bytes (23 MiB)
Volumes: 2
Everything is Ok
删除文件 - D:\Study\Sync\civil\2023年教程\【4】判断\胡小胡高分计划\【00】判断高分计划图书讲义\已读\判断04――判断真题演练（省考）_nowatermark.pdf
删除文件 - D:\Study\Sync\civil\2023年教程\【4】判断\阿里木江\判断推理系统课――阿里木江.pdf.zip.001
删除文件 - D:\Study\Sync\civil\2023年教程\【4】判断\阿里木江\判断推理系统课――阿里木江.pdf.zip.002
删除文件 - D:\Study\Sync\civil\2023年教程\【4】判断\阿里木江\判断推理系统课――阿里木江.pdf.zip.003

7-Zip 23.01 (x64) : Copyright (c) 1999-2023 Igor Pavlov : 2023-06-20

Scanning the drive:
1 file, 58720811 bytes (57 MiB)

Creating archive: D:\Study\Sync\civil\2023年教程\【4】判断\阿里木江\判断推理系统课――阿里木江.pdf.zip

Add new data to archive: 1 file, 58720811 bytes (57 MiB)


Files read from disk: 1
Archive size: 50099056 bytes (48 MiB)
Volumes: 3
Everything is Ok
删除文件 - D:\Study\Sync\civil\2023年教程\【4】判断\阿里木江\判断推理系统课――阿里木江.pdf
删除文件 - D:\Study\Sync\civil\2023年教程\【5】资料\李威猛\资料分析刷题讲义――李威猛.pdf.zip.001
删除文件 - D:\Study\Sync\civil\2023年教程\【5】资料\李威猛\资料分析刷题讲义――李威猛.pdf.zip.002

7-Zip 23.01 (x64) : Copyright (c) 1999-2023 Igor Pavlov : 2023-06-20

Scanning the drive:
1 file, 26963887 bytes (26 MiB)

Creating archive: D:\Study\Sync\civil\2023年教程\【5】资料\李威猛\资料分析刷题讲义――李威猛.pdf.zip

Add new data to archive: 1 file, 26963887 bytes (26 MiB)


Files read from disk: 1
Archive size: 21496593 bytes (21 MiB)
Volumes: 2
Everything is Ok
删除文件 - D:\Study\Sync\civil\2023年教程\【5】资料\李威猛\资料分析刷题讲义――李威猛.pdf
删除文件 - D:\Study\Sync\civil\2023年教程\【5】资料\李威猛\真题分析.docx.zip.001
删除文件 - D:\Study\Sync\civil\2023年教程\【5】资料\李威猛\真题分析.docx.zip.002
删除文件 - D:\Study\Sync\civil\2023年教程\【5】资料\李威猛\真题分析.docx.zip.003
删除文件 - D:\Study\Sync\civil\2023年教程\【5】资料\李威猛\真题分析.docx.zip.004

7-Zip 23.01 (x64) : Copyright (c) 1999-2023 Igor Pavlov : 2023-06-20

Scanning the drive:
1 file, 71099999 bytes (68 MiB)

Creating archive: D:\Study\Sync\civil\2023年教程\【5】资料\李威猛\真题分析.docx.zip

Add new data to archive: 1 file, 71099999 bytes (68 MiB)


Files read from disk: 1
Archive size: 70080925 bytes (67 MiB)
Volumes: 4
Everything is Ok
删除文件 - D:\Study\Sync\civil\2023年教程\【5】资料\李威猛\真题分析.docx
删除文件 - D:\Study\Sync\civil\2023年教程\【5】资料\花生\花生讲义\【花生十三】资料分析思维导图.pdf.zip.001

7-Zip 23.01 (x64) : Copyright (c) 1999-2023 Igor Pavlov : 2023-06-20

Scanning the drive:
1 file, 24469564 bytes (24 MiB)

Creating archive: D:\Study\Sync\civil\2023年教程\【5】资料\花生\花生讲义\【花生十三】资料分析思维导图.pdf.zip

Add new data to archive: 1 file, 24469564 bytes (24 MiB)


Files read from disk: 1
Archive size: 17645145 bytes (17 MiB)
Volumes: 1
Everything is Ok
删除文件 - D:\Study\Sync\civil\2023年教程\【5】资料\花生\花生讲义\【花生十三】资料分析思维导图.pdf

7-Zip 23.01 (x64) : Copyright (c) 1999-2023 Igor Pavlov : 2023-06-20

Scanning the drive:
1 file, 39160666 bytes (38 MiB)

Creating archive: D:\Study\Sync\civil\2023年教程\【6】申论\2024国考半月谈抄出申论80+\讲义一（1-60节用）.pdf.zip

Add new data to archive: 1 file, 39160666 bytes (38 MiB)


Files read from disk: 1
Archive size: 37088963 bytes (36 MiB)
Volumes: 2
Everything is Ok
删除文件 - D:\Study\Sync\civil\2023年教程\【6】申论\2024国考半月谈抄出申论80+\讲义一（1-60节用）.pdf
删除文件 - D:\Study\Sync\civil\2023年教程\【6】申论\小飞仔申论基础\讲义\申论通关班（应用文汇编）.pdf.zip.001
删除文件 - D:\Study\Sync\civil\2023年教程\【6】申论\小飞仔申论基础\讲义\申论通关班（应用文汇编）.pdf.zip.002

7-Zip 23.01 (x64) : Copyright (c) 1999-2023 Igor Pavlov : 2023-06-20

Scanning the drive:
1 file, 36821765 bytes (36 MiB)

Creating archive: D:\Study\Sync\civil\2023年教程\【6】申论\小飞仔申论基础\讲义\申论通关班（应用文汇编）.pdf.zip

Add new data to archive: 1 file, 36821765 bytes (36 MiB)


Files read from disk: 1
Archive size: 32288072 bytes (31 MiB)
Volumes: 2
Everything is Ok
删除文件 - D:\Study\Sync\civil\2023年教程\【6】申论\小飞仔申论基础\讲义\申论通关班（应用文汇编）.pdf
删除文件 - D:\Study\Sync\civil\2023年教程\【6】申论\小飞仔申论基础\讲义\申论通关班（强化刷题册）.pdf.zip.001
删除文件 - D:\Study\Sync\civil\2023年教程\【6】申论\小飞仔申论基础\讲义\申论通关班（强化刷题册）.pdf.zip.002
删除文件 - D:\Study\Sync\civil\2023年教程\【6】申论\小飞仔申论基础\讲义\申论通关班（强化刷题册）.pdf.zip.003

7-Zip 23.01 (x64) : Copyright (c) 1999-2023 Igor Pavlov : 2023-06-20

Scanning the drive:
1 file, 61374690 bytes (59 MiB)

Creating archive: D:\Study\Sync\civil\2023年教程\【6】申论\小飞仔申论基础\讲义\申论通关班（强化刷题册）.pdf.zip

Add new data to archive: 1 file, 61374690 bytes (59 MiB)


Files read from disk: 1
Archive size: 54713619 bytes (53 MiB)
Volumes: 3
Everything is Ok
删除文件 - D:\Study\Sync\civil\2023年教程\【6】申论\小飞仔申论基础\讲义\申论通关班（强化刷题册）.pdf
删除文件 - D:\Study\Sync\civil\2023年教程\【6】申论\小飞仔申论基础\讲义\申论通关班（真题范文合集）.pdf.zip.001
删除文件 - D:\Study\Sync\civil\2023年教程\【6】申论\小飞仔申论基础\讲义\申论通关班（真题范文合集）.pdf.zip.002

7-Zip 23.01 (x64) : Copyright (c) 1999-2023 Igor Pavlov : 2023-06-20

Scanning the drive:
1 file, 32797753 bytes (32 MiB)

Creating archive: D:\Study\Sync\civil\2023年教程\【6】申论\小飞仔申论基础\讲义\申论通关班（真题范文合集）.pdf.zip

Add new data to archive: 1 file, 32797753 bytes (32 MiB)


Files read from disk: 1
Archive size: 29140426 bytes (28 MiB)
Volumes: 2
Everything is Ok
删除文件 - D:\Study\Sync\civil\2023年教程\【6】申论\小飞仔申论基础\讲义\申论通关班（真题范文合集）.pdf
删除文件 - D:\Study\Sync\civil\2023年教程\【1】常识\丹丹（官网沿用22上半年）\2022丹丹常识（录播课）\讲义资料包\复习资料\【四海】早读笔记--丹丹老师.pdf.zip.001
删除文件 - D:\Study\Sync\civil\2023年教程\【1】常识\丹丹（官网沿用22上半年）\2022丹丹常识（录播课）\讲义资料包\复习资料\【四海】早读笔记--丹丹老师.pdf.zip.002

7-Zip 23.01 (x64) : Copyright (c) 1999-2023 Igor Pavlov : 2023-06-20

Scanning the drive:
1 file, 28926466 bytes (28 MiB)

Creating archive: D:\Study\Sync\civil\2023年教程\【1】常识\丹丹（官网沿用22上半年）\2022丹丹常识（录播课）\讲义资料包\复习资料\【四海】早读笔记--丹丹老师.pdf.zip

Add new data to archive: 1 file, 28926466 bytes (28 MiB)


Files read from disk: 1
Archive size: 28738622 bytes (28 MiB)
Volumes: 2
Everything is Ok
删除文件 - D:\Study\Sync\civil\2023年教程\【1】常识\丹丹（官网沿用22上半年）\2022丹丹常识（录播课）\讲义资料包\复习资料\【四海】早读笔记--丹丹老师.pdf
删除文件 - D:\Study\Sync\civil\2023年教程\【1】常识\丹丹（官网沿用22上半年）\2022丹丹常识（录播课）\讲义资料包\练习题\05-常识判断3000题（答案篇）--丹丹.pdf.zip.001
删除文件 - D:\Study\Sync\civil\2023年教程\【1】常识\丹丹（官网沿用22上半年）\2022丹丹常识（录播课）\讲义资料包\练习题\05-常识判断3000题（答案篇）--丹丹.pdf.zip.002

7-Zip 23.01 (x64) : Copyright (c) 1999-2023 Igor Pavlov : 2023-06-20

Scanning the drive:
1 file, 27067789 bytes (26 MiB)

Creating archive: D:\Study\Sync\civil\2023年教程\【1】常识\丹丹（官网沿用22上半年）\2022丹丹常识（录播课）\讲义资料包\练习题\05-常识判断3000题（答案篇）--丹丹.pdf.zip

Add new data to archive: 1 file, 27067789 bytes (26 MiB)


Files read from disk: 1
Archive size: 26639562 bytes (26 MiB)
Volumes: 2
Everything is Ok
删除文件 - D:\Study\Sync\civil\2023年教程\【1】常识\丹丹（官网沿用22上半年）\2022丹丹常识（录播课）\讲义资料包\练习题\05-常识判断3000题（答案篇）--丹丹.pdf
删除文件 - D:\Study\Sync\civil\2023年教程\【1】常识\丹丹（官网沿用22上半年）\2022丹丹常识（录播课）\讲义资料包\赠送公基6000题\公基模块题库6000题【答案汇总篇】--丹丹.pdf.zip.001
删除文件 - D:\Study\Sync\civil\2023年教程\【1】常识\丹丹（官网沿用22上半年）\2022丹丹常识（录播课）\讲义资料包\赠送公基6000题\公基模块题库6000题【答案汇总篇】--丹丹.pdf.zip.002

7-Zip 23.01 (x64) : Copyright (c) 1999-2023 Igor Pavlov : 2023-06-20

Scanning the drive:
1 file, 31558615 bytes (31 MiB)

Creating archive: D:\Study\Sync\civil\2023年教程\【1】常识\丹丹（官网沿用22上半年）\2022丹丹常识（录播课）\讲义资料包\赠送公基6000题\公基模块题库6000题【答案汇总篇】--丹丹.pdf.zip

Add new data to archive: 1 file, 31558615 bytes (31 MiB)


Files read from disk: 1
Archive size: 31228867 bytes (30 MiB)
Volumes: 2
Everything is Ok
删除文件 - D:\Study\Sync\civil\2023年教程\【1】常识\丹丹（官网沿用22上半年）\2022丹丹常识（录播课）\讲义资料包\赠送公基6000题\公基模块题库6000题【答案汇总篇】--丹丹.pdf
删除文件 - D:\Study\Sync\civil\2023年教程\【1】常识\李卜开天斧\00.讲义.pdf.zip.001
删除文件 - D:\Study\Sync\civil\2023年教程\【1】常识\李卜开天斧\00.讲义.pdf.zip.002
删除文件 - D:\Study\Sync\civil\2023年教程\【1】常识\李卜开天斧\00.讲义.pdf.zip.003
删除文件 - D:\Study\Sync\civil\2023年教程\【1】常识\李卜开天斧\00.讲义.pdf.zip.004
删除文件 - D:\Study\Sync\civil\2023年教程\【1】常识\李卜开天斧\00.讲义.pdf.zip.005
删除文件 - D:\Study\Sync\civil\2023年教程\【1】常识\李卜开天斧\00.讲义.pdf.zip.006

7-Zip 23.01 (x64) : Copyright (c) 1999-2023 Igor Pavlov : 2023-06-20

Scanning the drive:
1 file, 136478436 bytes (131 MiB)

Creating archive: D:\Study\Sync\civil\2023年教程\【1】常识\李卜开天斧\00.讲义.pdf.zip

Add new data to archive: 1 file, 136478436 bytes (131 MiB)


Files read from disk: 1
Archive size: 112750215 bytes (108 MiB)
Volumes: 6
Everything is Ok
删除文件 - D:\Study\Sync\civil\2023年教程\【1】常识\李卜开天斧\00.讲义.pdf
删除文件 - D:\Study\Sync\civil\2023年教程\【1】常识\李卜开天斧\讲义未包含内容.docx.zip.001
删除文件 - D:\Study\Sync\civil\2023年教程\【1】常识\李卜开天斧\讲义未包含内容.docx.zip.002
删除文件 - D:\Study\Sync\civil\2023年教程\【1】常识\李卜开天斧\讲义未包含内容.docx.zip.003
删除文件 - D:\Study\Sync\civil\2023年教程\【1】常识\李卜开天斧\讲义未包含内容.docx.zip.004

7-Zip 23.01 (x64) : Copyright (c) 1999-2023 Igor Pavlov : 2023-06-20

Scanning the drive:
1 file, 64947574 bytes (62 MiB)

Creating archive: D:\Study\Sync\civil\2023年教程\【1】常识\李卜开天斧\讲义未包含内容.docx.zip

Add new data to archive: 1 file, 64947574 bytes (62 MiB)


Files read from disk: 1
Archive size: 64790392 bytes (62 MiB)
Volumes: 4
Everything is Ok
删除文件 - D:\Study\Sync\civil\2023年教程\【1】常识\李卜开天斧\讲义未包含内容.docx
删除文件 - D:\Study\Sync\civil\2023年教程\【1】常识\李梦娇\讲义\00.2023年公考理论精讲・常识判断.pdf.zip.001
删除文件 - D:\Study\Sync\civil\2023年教程\【1】常识\李梦娇\讲义\00.2023年公考理论精讲・常识判断.pdf.zip.002
删除文件 - D:\Study\Sync\civil\2023年教程\【1】常识\李梦娇\讲义\00.2023年公考理论精讲・常识判断.pdf.zip.003
删除文件 - D:\Study\Sync\civil\2023年教程\【1】常识\李梦娇\讲义\00.2023年公考理论精讲・常识判断.pdf.zip.004
删除文件 - D:\Study\Sync\civil\2023年教程\【1】常识\李梦娇\讲义\00.2023年公考理论精讲・常识判断.pdf.zip.005
删除文件 - D:\Study\Sync\civil\2023年教程\【1】常识\李梦娇\讲义\00.2023年公考理论精讲・常识判断.pdf.zip.006
删除文件 - D:\Study\Sync\civil\2023年教程\【1】常识\李梦娇\讲义\00.2023年公考理论精讲・常识判断.pdf.zip.007
删除文件 - D:\Study\Sync\civil\2023年教程\【1】常识\李梦娇\讲义\00.2023年公考理论精讲・常识判断.pdf.zip.008
删除文件 - D:\Study\Sync\civil\2023年教程\【1】常识\李梦娇\讲义\00.2023年公考理论精讲・常识判断.pdf.zip.009

7-Zip 23.01 (x64) : Copyright (c) 1999-2023 Igor Pavlov : 2023-06-20

Scanning the drive:
1 file, 234821572 bytes (224 MiB)

Creating archive: D:\Study\Sync\civil\2023年教程\【1】常识\李梦娇\讲义\00.2023年公考理论精讲・常识判断.pdf.zip

Add new data to archive: 1 file, 234821572 bytes (224 MiB)


Files read from disk: 1
Archive size: 178173290 bytes (170 MiB)
Volumes: 9
Everything is Ok
删除文件 - D:\Study\Sync\civil\2023年教程\【1】常识\李梦娇\讲义\00.2023年公考理论精讲・常识判断.pdf
删除文件 - D:\Study\Sync\civil\2023年教程\【2】言语\欣说言语提分计划\言语03-言语真题演练（国考）.pdf.zip.001
删除文件 - D:\Study\Sync\civil\2023年教程\【2】言语\欣说言语提分计划\言语03-言语真题演练（国考）.pdf.zip.002

7-Zip 23.01 (x64) : Copyright (c) 1999-2023 Igor Pavlov : 2023-06-20

Scanning the drive:
1 file, 42401253 bytes (41 MiB)

Creating archive: D:\Study\Sync\civil\2023年教程\【2】言语\欣说言语提分计划\言语03-言语真题演练（国考）.pdf.zip

Add new data to archive: 1 file, 42401253 bytes (41 MiB)


Files read from disk: 1
Archive size: 39328422 bytes (38 MiB)
Volumes: 2
Everything is Ok
删除文件 - D:\Study\Sync\civil\2023年教程\【2】言语\欣说言语提分计划\言语03-言语真题演练（国考）.pdf
删除文件 - D:\Study\Sync\civil\2023年教程\【2】言语\欣说言语提分计划\言语04-言语真题演练（省考）.pdf.zip.001
删除文件 - D:\Study\Sync\civil\2023年教程\【2】言语\欣说言语提分计划\言语04-言语真题演练（省考）.pdf.zip.002

7-Zip 23.01 (x64) : Copyright (c) 1999-2023 Igor Pavlov : 2023-06-20

Scanning the drive:
1 file, 32028601 bytes (31 MiB)

Creating archive: D:\Study\Sync\civil\2023年教程\【2】言语\欣说言语提分计划\言语04-言语真题演练（省考）.pdf.zip

Add new data to archive: 1 file, 32028601 bytes (31 MiB)


Files read from disk: 1
Archive size: 29156809 bytes (28 MiB)
Volumes: 2
Everything is Ok
删除文件 - D:\Study\Sync\civil\2023年教程\【2】言语\欣说言语提分计划\言语04-言语真题演练（省考）.pdf
删除文件 - D:\Study\Sync\civil\2023年教程\【3】数量\李威猛\数量关系系统课讲义――李威猛.pdf.zip.001
删除文件 - D:\Study\Sync\civil\2023年教程\【3】数量\李威猛\数量关系系统课讲义――李威猛.pdf.zip.002

7-Zip 23.01 (x64) : Copyright (c) 1999-2023 Igor Pavlov : 2023-06-20

Scanning the drive:
1 file, 26110143 bytes (25 MiB)

Creating archive: D:\Study\Sync\civil\2023年教程\【3】数量\李威猛\数量关系系统课讲义――李威猛.pdf.zip

Add new data to archive: 1 file, 26110143 bytes (25 MiB)


Files read from disk: 1
Archive size: 21435691 bytes (21 MiB)
Volumes: 2
Everything is Ok
删除文件 - D:\Study\Sync\civil\2023年教程\【3】数量\李威猛\数量关系系统课讲义――李威猛.pdf

7-Zip 23.01 (x64) : Copyright (c) 1999-2023 Igor Pavlov : 2023-06-20


Error:
Updating for multivolume archives is not implemented
D:\Study\Sync\civil\2023年教程\【3】数量\齐麟(满分计划)\01讲义\05.7z.001

7-Zip 23.01 (x64) : Copyright (c) 1999-2023 Igor Pavlov : 2023-06-20


Error:
Updating for multivolume archives is not implemented
D:\Study\Sync\civil\2023年教程\【3】数量\齐麟(满分计划)\01讲义\公考齐麟08.7z.001

7-Zip 23.01 (x64) : Copyright (c) 1999-2023 Igor Pavlov : 2023-06-20


Error:
Updating for multivolume archives is not implemented
D:\Study\Sync\civil\2023年教程\【3】数量\齐麟(满分计划)\03第二阶段：真题演练（一轮刷题）\02.7z.001

7-Zip 23.01 (x64) : Copyright (c) 1999-2023 Igor Pavlov : 2023-06-20


Error:
Updating for multivolume archives is not implemented
D:\Study\Sync\civil\2023年教程\【3】数量\齐麟(满分计划)\06速算技巧专项课\01.7z.001
删除文件 - D:\Study\Sync\civil\2023年教程\【4】判断\胡小胡高分计划\【00】判断高分计划图书讲义\已读\判断04――判断真题演练（省考）_nowatermark.pdf.zip.001
删除文件 - D:\Study\Sync\civil\2023年教程\【4】判断\胡小胡高分计划\【00】判断高分计划图书讲义\已读\判断04――判断真题演练（省考）_nowatermark.pdf.zip.002

7-Zip 23.01 (x64) : Copyright (c) 1999-2023 Igor Pavlov : 2023-06-20

Scanning the drive:
1 file, 26772311 bytes (26 MiB)

Creating archive: D:\Study\Sync\civil\2023年教程\【4】判断\胡小胡高分计划\【00】判断高分计划图书讲义\已读\判断04――判断真题演练（省考）_nowatermark.pdf.zip

Add new data to archive: 1 file, 26772311 bytes (26 MiB)


Files read from disk: 1
Archive size: 23712835 bytes (23 MiB)
Volumes: 2
Everything is Ok
删除文件 - D:\Study\Sync\civil\2023年教程\【4】判断\胡小胡高分计划\【00】判断高分计划图书讲义\已读\判断04――判断真题演练（省考）_nowatermark.pdf
删除文件 - D:\Study\Sync\civil\2023年教程\【4】判断\阿里木江\判断推理系统课――阿里木江.pdf.zip.001
删除文件 - D:\Study\Sync\civil\2023年教程\【4】判断\阿里木江\判断推理系统课――阿里木江.pdf.zip.002
删除文件 - D:\Study\Sync\civil\2023年教程\【4】判断\阿里木江\判断推理系统课――阿里木江.pdf.zip.003

7-Zip 23.01 (x64) : Copyright (c) 1999-2023 Igor Pavlov : 2023-06-20

Scanning the drive:
1 file, 58720811 bytes (57 MiB)

Creating archive: D:\Study\Sync\civil\2023年教程\【4】判断\阿里木江\判断推理系统课――阿里木江.pdf.zip

Add new data to archive: 1 file, 58720811 bytes (57 MiB)


Files read from disk: 1
Archive size: 50099056 bytes (48 MiB)
Volumes: 3
Everything is Ok
删除文件 - D:\Study\Sync\civil\2023年教程\【4】判断\阿里木江\判断推理系统课――阿里木江.pdf
删除文件 - D:\Study\Sync\civil\2023年教程\【5】资料\李威猛\资料分析刷题讲义――李威猛.pdf.zip.001
删除文件 - D:\Study\Sync\civil\2023年教程\【5】资料\李威猛\资料分析刷题讲义――李威猛.pdf.zip.002

7-Zip 23.01 (x64) : Copyright (c) 1999-2023 Igor Pavlov : 2023-06-20

Scanning the drive:
1 file, 26963887 bytes (26 MiB)

Creating archive: D:\Study\Sync\civil\2023年教程\【5】资料\李威猛\资料分析刷题讲义――李威猛.pdf.zip

Add new data to archive: 1 file, 26963887 bytes (26 MiB)


Files read from disk: 1
Archive size: 21496593 bytes (21 MiB)
Volumes: 2
Everything is Ok
删除文件 - D:\Study\Sync\civil\2023年教程\【5】资料\李威猛\资料分析刷题讲义――李威猛.pdf
删除文件 - D:\Study\Sync\civil\2023年教程\【5】资料\李威猛\真题分析.docx.zip.001
删除文件 - D:\Study\Sync\civil\2023年教程\【5】资料\李威猛\真题分析.docx.zip.002
删除文件 - D:\Study\Sync\civil\2023年教程\【5】资料\李威猛\真题分析.docx.zip.003
删除文件 - D:\Study\Sync\civil\2023年教程\【5】资料\李威猛\真题分析.docx.zip.004

7-Zip 23.01 (x64) : Copyright (c) 1999-2023 Igor Pavlov : 2023-06-20

Scanning the drive:
1 file, 71099999 bytes (68 MiB)

Creating archive: D:\Study\Sync\civil\2023年教程\【5】资料\李威猛\真题分析.docx.zip

Add new data to archive: 1 file, 71099999 bytes (68 MiB)


Files read from disk: 1
Archive size: 70080925 bytes (67 MiB)
Volumes: 4
Everything is Ok
删除文件 - D:\Study\Sync\civil\2023年教程\【5】资料\李威猛\真题分析.docx
删除文件 - D:\Study\Sync\civil\2023年教程\【5】资料\花生\花生讲义\【花生十三】资料分析思维导图.pdf.zip.001

7-Zip 23.01 (x64) : Copyright (c) 1999-2023 Igor Pavlov : 2023-06-20

Scanning the drive:
1 file, 24469564 bytes (24 MiB)

Creating archive: D:\Study\Sync\civil\2023年教程\【5】资料\花生\花生讲义\【花生十三】资料分析思维导图.pdf.zip

Add new data to archive: 1 file, 24469564 bytes (24 MiB)


Files read from disk: 1
Archive size: 17645145 bytes (17 MiB)
Volumes: 1
Everything is Ok
删除文件 - D:\Study\Sync\civil\2023年教程\【5】资料\花生\花生讲义\【花生十三】资料分析思维导图.pdf
删除文件 - D:\Study\Sync\civil\2023年教程\【6】申论\2024国考半月谈抄出申论80+\讲义一（1-60节用）.pdf.zip.001
删除文件 - D:\Study\Sync\civil\2023年教程\【6】申论\2024国考半月谈抄出申论80+\讲义一（1-60节用）.pdf.zip.002
删除文件 - D:\Study\Sync\civil\2023年教程\【6】申论\2024国考半月谈抄出申论80+\课程59节\讲义一（1-60节用）.pdf.zip.001
删除文件 - D:\Study\Sync\civil\2023年教程\【6】申论\2024国考半月谈抄出申论80+\课程59节\讲义一（1-60节用）.pdf.zip.002

7-Zip 23.01 (x64) : Copyright (c) 1999-2023 Igor Pavlov : 2023-06-20

Scanning the drive:
1 file, 39160666 bytes (38 MiB)

Creating archive: D:\Study\Sync\civil\2023年教程\【6】申论\2024国考半月谈抄出申论80+\讲义一（1-60节用）.pdf.zip

Add new data to archive: 1 file, 39160666 bytes (38 MiB)


Files read from disk: 1
Archive size: 37088963 bytes (36 MiB)
Volumes: 2
Everything is Ok
删除文件 - D:\Study\Sync\civil\2023年教程\【6】申论\2024国考半月谈抄出申论80+\讲义一（1-60节用）.pdf
删除文件 - D:\Study\Sync\civil\2023年教程\【6】申论\小飞仔申论基础\讲义\申论通关班（应用文汇编）.pdf.zip.001
删除文件 - D:\Study\Sync\civil\2023年教程\【6】申论\小飞仔申论基础\讲义\申论通关班（应用文汇编）.pdf.zip.002

7-Zip 23.01 (x64) : Copyright (c) 1999-2023 Igor Pavlov : 2023-06-20

Scanning the drive:
1 file, 36821765 bytes (36 MiB)

Creating archive: D:\Study\Sync\civil\2023年教程\【6】申论\小飞仔申论基础\讲义\申论通关班（应用文汇编）.pdf.zip

Add new data to archive: 1 file, 36821765 bytes (36 MiB)


Files read from disk: 1
Archive size: 32288072 bytes (31 MiB)
Volumes: 2
Everything is Ok
删除文件 - D:\Study\Sync\civil\2023年教程\【6】申论\小飞仔申论基础\讲义\申论通关班（应用文汇编）.pdf
删除文件 - D:\Study\Sync\civil\2023年教程\【6】申论\小飞仔申论基础\讲义\申论通关班（强化刷题册）.pdf.zip.001
删除文件 - D:\Study\Sync\civil\2023年教程\【6】申论\小飞仔申论基础\讲义\申论通关班（强化刷题册）.pdf.zip.002
删除文件 - D:\Study\Sync\civil\2023年教程\【6】申论\小飞仔申论基础\讲义\申论通关班（强化刷题册）.pdf.zip.003

7-Zip 23.01 (x64) : Copyright (c) 1999-2023 Igor Pavlov : 2023-06-20

Scanning the drive:
1 file, 61374690 bytes (59 MiB)

Creating archive: D:\Study\Sync\civil\2023年教程\【6】申论\小飞仔申论基础\讲义\申论通关班（强化刷题册）.pdf.zip

Add new data to archive: 1 file, 61374690 bytes (59 MiB)


Files read from disk: 1
Archive size: 54713619 bytes (53 MiB)
Volumes: 3
Everything is Ok
删除文件 - D:\Study\Sync\civil\2023年教程\【6】申论\小飞仔申论基础\讲义\申论通关班（强化刷题册）.pdf
删除文件 - D:\Study\Sync\civil\2023年教程\【6】申论\小飞仔申论基础\讲义\申论通关班（真题范文合集）.pdf.zip.001
删除文件 - D:\Study\Sync\civil\2023年教程\【6】申论\小飞仔申论基础\讲义\申论通关班（真题范文合集）.pdf.zip.002

7-Zip 23.01 (x64) : Copyright (c) 1999-2023 Igor Pavlov : 2023-06-20

Scanning the drive:
1 file, 32797753 bytes (32 MiB)

Creating archive: D:\Study\Sync\civil\2023年教程\【6】申论\小飞仔申论基础\讲义\申论通关班（真题范文合集）.pdf.zip

Add new data to archive: 1 file, 32797753 bytes (32 MiB)


Files read from disk: 1
Archive size: 29140426 bytes (28 MiB)
Volumes: 2
Everything is Ok
删除文件 - D:\Study\Sync\civil\2023年教程\【6】申论\小飞仔申论基础\讲义\申论通关班（真题范文合集）.pdf
删除文件 - D:\Study\Sync\civil\2023年教程\【1】常识\丹丹（官网沿用22上半年）\2022丹丹常识（录播课）\讲义资料包\复习资料\【四海】早读笔记--丹丹老师.pdf.zip.001
删除文件 - D:\Study\Sync\civil\2023年教程\【1】常识\丹丹（官网沿用22上半年）\2022丹丹常识（录播课）\讲义资料包\复习资料\【四海】早读笔记--丹丹老师.pdf.zip.002

7-Zip 23.01 (x64) : Copyright (c) 1999-2023 Igor Pavlov : 2023-06-20

Scanning the drive:
1 file, 28926466 bytes (28 MiB)

Creating archive: D:\Study\Sync\civil\2023年教程\【1】常识\丹丹（官网沿用22上半年）\2022丹丹常识（录播课）\讲义资料包\复习资料\【四海】早读笔记--丹丹老师.pdf.zip

Add new data to archive: 1 file, 28926466 bytes (28 MiB)


Files read from disk: 1
Archive size: 28738622 bytes (28 MiB)
Volumes: 2
Everything is Ok
删除文件 - D:\Study\Sync\civil\2023年教程\【1】常识\丹丹（官网沿用22上半年）\2022丹丹常识（录播课）\讲义资料包\复习资料\【四海】早读笔记--丹丹老师.pdf
删除文件 - D:\Study\Sync\civil\2023年教程\【1】常识\丹丹（官网沿用22上半年）\2022丹丹常识（录播课）\讲义资料包\练习题\05-常识判断3000题（答案篇）--丹丹.pdf.zip.001
删除文件 - D:\Study\Sync\civil\2023年教程\【1】常识\丹丹（官网沿用22上半年）\2022丹丹常识（录播课）\讲义资料包\练习题\05-常识判断3000题（答案篇）--丹丹.pdf.zip.002

7-Zip 23.01 (x64) : Copyright (c) 1999-2023 Igor Pavlov : 2023-06-20

Scanning the drive:
1 file, 27067789 bytes (26 MiB)

Creating archive: D:\Study\Sync\civil\2023年教程\【1】常识\丹丹（官网沿用22上半年）\2022丹丹常识（录播课）\讲义资料包\练习题\05-常识判断3000题（答案篇）--丹丹.pdf.zip

Add new data to archive: 1 file, 27067789 bytes (26 MiB)


Files read from disk: 1
Archive size: 26639562 bytes (26 MiB)
Volumes: 2
Everything is Ok
删除文件 - D:\Study\Sync\civil\2023年教程\【1】常识\丹丹（官网沿用22上半年）\2022丹丹常识（录播课）\讲义资料包\练习题\05-常识判断3000题（答案篇）--丹丹.pdf
删除文件 - D:\Study\Sync\civil\2023年教程\【1】常识\丹丹（官网沿用22上半年）\2022丹丹常识（录播课）\讲义资料包\赠送公基6000题\公基模块题库6000题【答案汇总篇】--丹丹.pdf.zip.001
删除文件 - D:\Study\Sync\civil\2023年教程\【1】常识\丹丹（官网沿用22上半年）\2022丹丹常识（录播课）\讲义资料包\赠送公基6000题\公基模块题库6000题【答案汇总篇】--丹丹.pdf.zip.002

7-Zip 23.01 (x64) : Copyright (c) 1999-2023 Igor Pavlov : 2023-06-20

Scanning the drive:
1 file, 31558615 bytes (31 MiB)

Creating archive: D:\Study\Sync\civil\2023年教程\【1】常识\丹丹（官网沿用22上半年）\2022丹丹常识（录播课）\讲义资料包\赠送公基6000题\公基模块题库6000题【答案汇总篇】--丹丹.pdf.zip

Add new data to archive: 1 file, 31558615 bytes (31 MiB)


Files read from disk: 1
Archive size: 31228867 bytes (30 MiB)
Volumes: 2
Everything is Ok
删除文件 - D:\Study\Sync\civil\2023年教程\【1】常识\丹丹（官网沿用22上半年）\2022丹丹常识（录播课）\讲义资料包\赠送公基6000题\公基模块题库6000题【答案汇总篇】--丹丹.pdf
删除文件 - D:\Study\Sync\civil\2023年教程\【1】常识\李卜开天斧\00.讲义.pdf.zip.001
删除文件 - D:\Study\Sync\civil\2023年教程\【1】常识\李卜开天斧\00.讲义.pdf.zip.002
删除文件 - D:\Study\Sync\civil\2023年教程\【1】常识\李卜开天斧\00.讲义.pdf.zip.003
删除文件 - D:\Study\Sync\civil\2023年教程\【1】常识\李卜开天斧\00.讲义.pdf.zip.004
删除文件 - D:\Study\Sync\civil\2023年教程\【1】常识\李卜开天斧\00.讲义.pdf.zip.005
删除文件 - D:\Study\Sync\civil\2023年教程\【1】常识\李卜开天斧\00.讲义.pdf.zip.006

7-Zip 23.01 (x64) : Copyright (c) 1999-2023 Igor Pavlov : 2023-06-20

Scanning the drive:
1 file, 136478436 bytes (131 MiB)

Creating archive: D:\Study\Sync\civil\2023年教程\【1】常识\李卜开天斧\00.讲义.pdf.zip

Add new data to archive: 1 file, 136478436 bytes (131 MiB)


Files read from disk: 1
Archive size: 112750215 bytes (108 MiB)
Volumes: 6
Everything is Ok
删除文件 - D:\Study\Sync\civil\2023年教程\【1】常识\李卜开天斧\00.讲义.pdf
删除文件 - D:\Study\Sync\civil\2023年教程\【1】常识\李卜开天斧\讲义未包含内容.docx.zip.001
删除文件 - D:\Study\Sync\civil\2023年教程\【1】常识\李卜开天斧\讲义未包含内容.docx.zip.002
删除文件 - D:\Study\Sync\civil\2023年教程\【1】常识\李卜开天斧\讲义未包含内容.docx.zip.003
删除文件 - D:\Study\Sync\civil\2023年教程\【1】常识\李卜开天斧\讲义未包含内容.docx.zip.004

7-Zip 23.01 (x64) : Copyright (c) 1999-2023 Igor Pavlov : 2023-06-20

Scanning the drive:
1 file, 64947574 bytes (62 MiB)

Creating archive: D:\Study\Sync\civil\2023年教程\【1】常识\李卜开天斧\讲义未包含内容.docx.zip

Add new data to archive: 1 file, 64947574 bytes (62 MiB)


Files read from disk: 1
Archive size: 64790392 bytes (62 MiB)
Volumes: 4
Everything is Ok
删除文件 - D:\Study\Sync\civil\2023年教程\【1】常识\李卜开天斧\讲义未包含内容.docx
删除文件 - D:\Study\Sync\civil\2023年教程\【1】常识\李梦娇\讲义\00.2023年公考理论精讲・常识判断.pdf.zip.001
删除文件 - D:\Study\Sync\civil\2023年教程\【1】常识\李梦娇\讲义\00.2023年公考理论精讲・常识判断.pdf.zip.002
删除文件 - D:\Study\Sync\civil\2023年教程\【1】常识\李梦娇\讲义\00.2023年公考理论精讲・常识判断.pdf.zip.003
删除文件 - D:\Study\Sync\civil\2023年教程\【1】常识\李梦娇\讲义\00.2023年公考理论精讲・常识判断.pdf.zip.004
删除文件 - D:\Study\Sync\civil\2023年教程\【1】常识\李梦娇\讲义\00.2023年公考理论精讲・常识判断.pdf.zip.005
删除文件 - D:\Study\Sync\civil\2023年教程\【1】常识\李梦娇\讲义\00.2023年公考理论精讲・常识判断.pdf.zip.006
删除文件 - D:\Study\Sync\civil\2023年教程\【1】常识\李梦娇\讲义\00.2023年公考理论精讲・常识判断.pdf.zip.007
删除文件 - D:\Study\Sync\civil\2023年教程\【1】常识\李梦娇\讲义\00.2023年公考理论精讲・常识判断.pdf.zip.008
删除文件 - D:\Study\Sync\civil\2023年教程\【1】常识\李梦娇\讲义\00.2023年公考理论精讲・常识判断.pdf.zip.009

7-Zip 23.01 (x64) : Copyright (c) 1999-2023 Igor Pavlov : 2023-06-20

Scanning the drive:
1 file, 234821572 bytes (224 MiB)

Creating archive: D:\Study\Sync\civil\2023年教程\【1】常识\李梦娇\讲义\00.2023年公考理论精讲・常识判断.pdf.zip

Add new data to archive: 1 file, 234821572 bytes (224 MiB)


Files read from disk: 1
Archive size: 178173290 bytes (170 MiB)
Volumes: 9
Everything is Ok
删除文件 - D:\Study\Sync\civil\2023年教程\【1】常识\李梦娇\讲义\00.2023年公考理论精讲・常识判断.pdf
删除文件 - D:\Study\Sync\civil\2023年教程\【2】言语\欣说言语提分计划\言语03-言语真题演练（国考）.pdf.zip.001
删除文件 - D:\Study\Sync\civil\2023年教程\【2】言语\欣说言语提分计划\言语03-言语真题演练（国考）.pdf.zip.002

7-Zip 23.01 (x64) : Copyright (c) 1999-2023 Igor Pavlov : 2023-06-20

Scanning the drive:
1 file, 42401253 bytes (41 MiB)

Creating archive: D:\Study\Sync\civil\2023年教程\【2】言语\欣说言语提分计划\言语03-言语真题演练（国考）.pdf.zip

Add new data to archive: 1 file, 42401253 bytes (41 MiB)


Files read from disk: 1
Archive size: 39328422 bytes (38 MiB)
Volumes: 2
Everything is Ok
删除文件 - D:\Study\Sync\civil\2023年教程\【2】言语\欣说言语提分计划\言语03-言语真题演练（国考）.pdf
删除文件 - D:\Study\Sync\civil\2023年教程\【2】言语\欣说言语提分计划\言语04-言语真题演练（省考）.pdf.zip.001
删除文件 - D:\Study\Sync\civil\2023年教程\【2】言语\欣说言语提分计划\言语04-言语真题演练（省考）.pdf.zip.002

7-Zip 23.01 (x64) : Copyright (c) 1999-2023 Igor Pavlov : 2023-06-20

Scanning the drive:
1 file, 32028601 bytes (31 MiB)

Creating archive: D:\Study\Sync\civil\2023年教程\【2】言语\欣说言语提分计划\言语04-言语真题演练（省考）.pdf.zip

Add new data to archive: 1 file, 32028601 bytes (31 MiB)


Files read from disk: 1
Archive size: 29156809 bytes (28 MiB)
Volumes: 2
Everything is Ok
删除文件 - D:\Study\Sync\civil\2023年教程\【2】言语\欣说言语提分计划\言语04-言语真题演练（省考）.pdf
删除文件 - D:\Study\Sync\civil\2023年教程\【3】数量\李威猛\数量关系系统课讲义――李威猛.pdf.zip.001
删除文件 - D:\Study\Sync\civil\2023年教程\【3】数量\李威猛\数量关系系统课讲义――李威猛.pdf.zip.002

7-Zip 23.01 (x64) : Copyright (c) 1999-2023 Igor Pavlov : 2023-06-20

Scanning the drive:
1 file, 26110143 bytes (25 MiB)

Creating archive: D:\Study\Sync\civil\2023年教程\【3】数量\李威猛\数量关系系统课讲义――李威猛.pdf.zip

Add new data to archive: 1 file, 26110143 bytes (25 MiB)


Files read from disk: 1
Archive size: 21435691 bytes (21 MiB)
Volumes: 2
Everything is Ok
删除文件 - D:\Study\Sync\civil\2023年教程\【3】数量\李威猛\数量关系系统课讲义――李威猛.pdf

7-Zip 23.01 (x64) : Copyright (c) 1999-2023 Igor Pavlov : 2023-06-20


Error:
Updating for multivolume archives is not implemented
D:\Study\Sync\civil\2023年教程\【3】数量\齐麟(满分计划)\01讲义\05.7z.001

7-Zip 23.01 (x64) : Copyright (c) 1999-2023 Igor Pavlov : 2023-06-20


Error:
Updating for multivolume archives is not implemented
D:\Study\Sync\civil\2023年教程\【3】数量\齐麟(满分计划)\01讲义\公考齐麟08.7z.001

7-Zip 23.01 (x64) : Copyright (c) 1999-2023 Igor Pavlov : 2023-06-20


Error:
Updating for multivolume archives is not implemented
D:\Study\Sync\civil\2023年教程\【3】数量\齐麟(满分计划)\03第二阶段：真题演练（一轮刷题）\02.7z.001

7-Zip 23.01 (x64) : Copyright (c) 1999-2023 Igor Pavlov : 2023-06-20


Error:
Updating for multivolume archives is not implemented
D:\Study\Sync\civil\2023年教程\【3】数量\齐麟(满分计划)\06速算技巧专项课\01.7z.001
删除文件 - D:\Study\Sync\civil\2023年教程\【4】判断\胡小胡高分计划\【00】判断高分计划图书讲义\已读\判断04――判断真题演练（省考）_nowatermark.pdf.zip.001
删除文件 - D:\Study\Sync\civil\2023年教程\【4】判断\胡小胡高分计划\【00】判断高分计划图书讲义\已读\判断04――判断真题演练（省考）_nowatermark.pdf.zip.002

7-Zip 23.01 (x64) : Copyright (c) 1999-2023 Igor Pavlov : 2023-06-20

Scanning the drive:
1 file, 26772311 bytes (26 MiB)

Creating archive: D:\Study\Sync\civil\2023年教程\【4】判断\胡小胡高分计划\【00】判断高分计划图书讲义\已读\判断04――判断真题演练（省考）_nowatermark.pdf.zip

Add new data to archive: 1 file, 26772311 bytes (26 MiB)


Files read from disk: 1
Archive size: 23712835 bytes (23 MiB)
Volumes: 2
Everything is Ok
删除文件 - D:\Study\Sync\civil\2023年教程\【4】判断\胡小胡高分计划\【00】判断高分计划图书讲义\已读\判断04――判断真题演练（省考）_nowatermark.pdf
删除文件 - D:\Study\Sync\civil\2023年教程\【4】判断\阿里木江\判断推理系统课――阿里木江.pdf.zip.001
删除文件 - D:\Study\Sync\civil\2023年教程\【4】判断\阿里木江\判断推理系统课――阿里木江.pdf.zip.002
删除文件 - D:\Study\Sync\civil\2023年教程\【4】判断\阿里木江\判断推理系统课――阿里木江.pdf.zip.003

7-Zip 23.01 (x64) : Copyright (c) 1999-2023 Igor Pavlov : 2023-06-20

Scanning the drive:
1 file, 58720811 bytes (57 MiB)

Creating archive: D:\Study\Sync\civil\2023年教程\【4】判断\阿里木江\判断推理系统课――阿里木江.pdf.zip

Add new data to archive: 1 file, 58720811 bytes (57 MiB)


Files read from disk: 1
Archive size: 50099056 bytes (48 MiB)
Volumes: 3
Everything is Ok
删除文件 - D:\Study\Sync\civil\2023年教程\【4】判断\阿里木江\判断推理系统课――阿里木江.pdf
删除文件 - D:\Study\Sync\civil\2023年教程\【5】资料\李威猛\资料分析刷题讲义――李威猛.pdf.zip.001
删除文件 - D:\Study\Sync\civil\2023年教程\【5】资料\李威猛\资料分析刷题讲义――李威猛.pdf.zip.002

7-Zip 23.01 (x64) : Copyright (c) 1999-2023 Igor Pavlov : 2023-06-20

Scanning the drive:
1 file, 26963887 bytes (26 MiB)

Creating archive: D:\Study\Sync\civil\2023年教程\【5】资料\李威猛\资料分析刷题讲义――李威猛.pdf.zip

Add new data to archive: 1 file, 26963887 bytes (26 MiB)


Files read from disk: 1
Archive size: 21496593 bytes (21 MiB)
Volumes: 2
Everything is Ok
删除文件 - D:\Study\Sync\civil\2023年教程\【5】资料\李威猛\资料分析刷题讲义――李威猛.pdf
删除文件 - D:\Study\Sync\civil\2023年教程\【5】资料\李威猛\真题分析.docx.zip.001
删除文件 - D:\Study\Sync\civil\2023年教程\【5】资料\李威猛\真题分析.docx.zip.002
删除文件 - D:\Study\Sync\civil\2023年教程\【5】资料\李威猛\真题分析.docx.zip.003
删除文件 - D:\Study\Sync\civil\2023年教程\【5】资料\李威猛\真题分析.docx.zip.004

7-Zip 23.01 (x64) : Copyright (c) 1999-2023 Igor Pavlov : 2023-06-20

Scanning the drive:
1 file, 71099999 bytes (68 MiB)

Creating archive: D:\Study\Sync\civil\2023年教程\【5】资料\李威猛\真题分析.docx.zip

Add new data to archive: 1 file, 71099999 bytes (68 MiB)


Files read from disk: 1
Archive size: 70080925 bytes (67 MiB)
Volumes: 4
Everything is Ok
删除文件 - D:\Study\Sync\civil\2023年教程\【5】资料\李威猛\真题分析.docx
删除文件 - D:\Study\Sync\civil\2023年教程\【5】资料\花生\花生讲义\【花生十三】资料分析思维导图.pdf.zip.001

7-Zip 23.01 (x64) : Copyright (c) 1999-2023 Igor Pavlov : 2023-06-20

Scanning the drive:
1 file, 24469564 bytes (24 MiB)

Creating archive: D:\Study\Sync\civil\2023年教程\【5】资料\花生\花生讲义\【花生十三】资料分析思维导图.pdf.zip

Add new data to archive: 1 file, 24469564 bytes (24 MiB)


Files read from disk: 1
Archive size: 17645145 bytes (17 MiB)
Volumes: 1
Everything is Ok
删除文件 - D:\Study\Sync\civil\2023年教程\【5】资料\花生\花生讲义\【花生十三】资料分析思维导图.pdf
删除文件 - D:\Study\Sync\civil\2023年教程\【6】申论\2024国考半月谈抄出申论80+\讲义一（1-60节用）.pdf.zip.001
删除文件 - D:\Study\Sync\civil\2023年教程\【6】申论\2024国考半月谈抄出申论80+\讲义一（1-60节用）.pdf.zip.002

7-Zip 23.01 (x64) : Copyright (c) 1999-2023 Igor Pavlov : 2023-06-20

Scanning the drive:
1 file, 39160666 bytes (38 MiB)

Creating archive: D:\Study\Sync\civil\2023年教程\【6】申论\2024国考半月谈抄出申论80+\讲义一（1-60节用）.pdf.zip

Add new data to archive: 1 file, 39160666 bytes (38 MiB)


Files read from disk: 1
Archive size: 37088963 bytes (36 MiB)
Volumes: 2
Everything is Ok
删除文件 - D:\Study\Sync\civil\2023年教程\【6】申论\2024国考半月谈抄出申论80+\讲义一（1-60节用）.pdf
删除文件 - D:\Study\Sync\civil\2023年教程\【6】申论\小飞仔申论基础\讲义\申论通关班（应用文汇编）.pdf.zip.001
删除文件 - D:\Study\Sync\civil\2023年教程\【6】申论\小飞仔申论基础\讲义\申论通关班（应用文汇编）.pdf.zip.002

7-Zip 23.01 (x64) : Copyright (c) 1999-2023 Igor Pavlov : 2023-06-20

Scanning the drive:
1 file, 36821765 bytes (36 MiB)

Creating archive: D:\Study\Sync\civil\2023年教程\【6】申论\小飞仔申论基础\讲义\申论通关班（应用文汇编）.pdf.zip

Add new data to archive: 1 file, 36821765 bytes (36 MiB)


Files read from disk: 1
Archive size: 32288072 bytes (31 MiB)
Volumes: 2
Everything is Ok
删除文件 - D:\Study\Sync\civil\2023年教程\【6】申论\小飞仔申论基础\讲义\申论通关班（应用文汇编）.pdf
删除文件 - D:\Study\Sync\civil\2023年教程\【6】申论\小飞仔申论基础\讲义\申论通关班（强化刷题册）.pdf.zip.001
删除文件 - D:\Study\Sync\civil\2023年教程\【6】申论\小飞仔申论基础\讲义\申论通关班（强化刷题册）.pdf.zip.002
删除文件 - D:\Study\Sync\civil\2023年教程\【6】申论\小飞仔申论基础\讲义\申论通关班（强化刷题册）.pdf.zip.003

7-Zip 23.01 (x64) : Copyright (c) 1999-2023 Igor Pavlov : 2023-06-20

Scanning the drive:
1 file, 61374690 bytes (59 MiB)

Creating archive: D:\Study\Sync\civil\2023年教程\【6】申论\小飞仔申论基础\讲义\申论通关班（强化刷题册）.pdf.zip

Add new data to archive: 1 file, 61374690 bytes (59 MiB)


Files read from disk: 1
Archive size: 54713619 bytes (53 MiB)
Volumes: 3
Everything is Ok
删除文件 - D:\Study\Sync\civil\2023年教程\【6】申论\小飞仔申论基础\讲义\申论通关班（强化刷题册）.pdf
删除文件 - D:\Study\Sync\civil\2023年教程\【6】申论\小飞仔申论基础\讲义\申论通关班（真题范文合集）.pdf.zip.001
删除文件 - D:\Study\Sync\civil\2023年教程\【6】申论\小飞仔申论基础\讲义\申论通关班（真题范文合集）.pdf.zip.002

7-Zip 23.01 (x64) : Copyright (c) 1999-2023 Igor Pavlov : 2023-06-20

Scanning the drive:
1 file, 32797753 bytes (32 MiB)

Creating archive: D:\Study\Sync\civil\2023年教程\【6】申论\小飞仔申论基础\讲义\申论通关班（真题范文合集）.pdf.zip

Add new data to archive: 1 file, 32797753 bytes (32 MiB)


Files read from disk: 1
Archive size: 29140426 bytes (28 MiB)
Volumes: 2
Everything is Ok
删除文件 - D:\Study\Sync\civil\2023年教程\【6】申论\小飞仔申论基础\讲义\申论通关班（真题范文合集）.pdf
删除文件 - D:\Study\Sync\civil\2023年教程\【1】常识\丹丹（官网沿用22上半年）\2022丹丹常识（录播课）\讲义资料包\复习资料\【四海】早读笔记--丹丹老师.pdf.zip.001
删除文件 - D:\Study\Sync\civil\2023年教程\【1】常识\丹丹（官网沿用22上半年）\2022丹丹常识（录播课）\讲义资料包\复习资料\【四海】早读笔记--丹丹老师.pdf.zip.002

7-Zip 23.01 (x64) : Copyright (c) 1999-2023 Igor Pavlov : 2023-06-20

Scanning the drive:
1 file, 28926466 bytes (28 MiB)

Creating archive: D:\Study\Sync\civil\2023年教程\【1】常识\丹丹（官网沿用22上半年）\2022丹丹常识（录播课）\讲义资料包\复习资料\【四海】早读笔记--丹丹老师.pdf.zip

Add new data to archive: 1 file, 28926466 bytes (28 MiB)


Files read from disk: 1
Archive size: 28738622 bytes (28 MiB)
Volumes: 2
Everything is Ok
删除文件 - D:\Study\Sync\civil\2023年教程\【1】常识\丹丹（官网沿用22上半年）\2022丹丹常识（录播课）\讲义资料包\复习资料\【四海】早读笔记--丹丹老师.pdf
删除文件 - D:\Study\Sync\civil\2023年教程\【1】常识\丹丹（官网沿用22上半年）\2022丹丹常识（录播课）\讲义资料包\练习题\05-常识判断3000题（答案篇）--丹丹.pdf.zip.001
删除文件 - D:\Study\Sync\civil\2023年教程\【1】常识\丹丹（官网沿用22上半年）\2022丹丹常识（录播课）\讲义资料包\练习题\05-常识判断3000题（答案篇）--丹丹.pdf.zip.002

7-Zip 23.01 (x64) : Copyright (c) 1999-2023 Igor Pavlov : 2023-06-20

Scanning the drive:
1 file, 27067789 bytes (26 MiB)

Creating archive: D:\Study\Sync\civil\2023年教程\【1】常识\丹丹（官网沿用22上半年）\2022丹丹常识（录播课）\讲义资料包\练习题\05-常识判断3000题（答案篇）--丹丹.pdf.zip

Add new data to archive: 1 file, 27067789 bytes (26 MiB)


Files read from disk: 1
Archive size: 26639562 bytes (26 MiB)
Volumes: 2
Everything is Ok
删除文件 - D:\Study\Sync\civil\2023年教程\【1】常识\丹丹（官网沿用22上半年）\2022丹丹常识（录播课）\讲义资料包\练习题\05-常识判断3000题（答案篇）--丹丹.pdf
删除文件 - D:\Study\Sync\civil\2023年教程\【1】常识\丹丹（官网沿用22上半年）\2022丹丹常识（录播课）\讲义资料包\赠送公基6000题\公基模块题库6000题【答案汇总篇】--丹丹.pdf.zip.001
删除文件 - D:\Study\Sync\civil\2023年教程\【1】常识\丹丹（官网沿用22上半年）\2022丹丹常识（录播课）\讲义资料包\赠送公基6000题\公基模块题库6000题【答案汇总篇】--丹丹.pdf.zip.002

7-Zip 23.01 (x64) : Copyright (c) 1999-2023 Igor Pavlov : 2023-06-20

Scanning the drive:
1 file, 31558615 bytes (31 MiB)

Creating archive: D:\Study\Sync\civil\2023年教程\【1】常识\丹丹（官网沿用22上半年）\2022丹丹常识（录播课）\讲义资料包\赠送公基6000题\公基模块题库6000题【答案汇总篇】--丹丹.pdf.zip

Add new data to archive: 1 file, 31558615 bytes (31 MiB)


Files read from disk: 1
Archive size: 31228867 bytes (30 MiB)
Volumes: 2
Everything is Ok
删除文件 - D:\Study\Sync\civil\2023年教程\【1】常识\丹丹（官网沿用22上半年）\2022丹丹常识（录播课）\讲义资料包\赠送公基6000题\公基模块题库6000题【答案汇总篇】--丹丹.pdf
删除文件 - D:\Study\Sync\civil\2023年教程\【1】常识\李卜开天斧\00.讲义.pdf.zip.001
删除文件 - D:\Study\Sync\civil\2023年教程\【1】常识\李卜开天斧\00.讲义.pdf.zip.002
删除文件 - D:\Study\Sync\civil\2023年教程\【1】常识\李卜开天斧\00.讲义.pdf.zip.003
删除文件 - D:\Study\Sync\civil\2023年教程\【1】常识\李卜开天斧\00.讲义.pdf.zip.004
删除文件 - D:\Study\Sync\civil\2023年教程\【1】常识\李卜开天斧\00.讲义.pdf.zip.005
删除文件 - D:\Study\Sync\civil\2023年教程\【1】常识\李卜开天斧\00.讲义.pdf.zip.006

7-Zip 23.01 (x64) : Copyright (c) 1999-2023 Igor Pavlov : 2023-06-20

Scanning the drive:
1 file, 136478436 bytes (131 MiB)

Creating archive: D:\Study\Sync\civil\2023年教程\【1】常识\李卜开天斧\00.讲义.pdf.zip

Add new data to archive: 1 file, 136478436 bytes (131 MiB)


Files read from disk: 1
Archive size: 112750215 bytes (108 MiB)
Volumes: 6
Everything is Ok
删除文件 - D:\Study\Sync\civil\2023年教程\【1】常识\李卜开天斧\00.讲义.pdf
删除文件 - D:\Study\Sync\civil\2023年教程\【1】常识\李卜开天斧\讲义未包含内容.docx.zip.001
删除文件 - D:\Study\Sync\civil\2023年教程\【1】常识\李卜开天斧\讲义未包含内容.docx.zip.002
删除文件 - D:\Study\Sync\civil\2023年教程\【1】常识\李卜开天斧\讲义未包含内容.docx.zip.003
删除文件 - D:\Study\Sync\civil\2023年教程\【1】常识\李卜开天斧\讲义未包含内容.docx.zip.004

7-Zip 23.01 (x64) : Copyright (c) 1999-2023 Igor Pavlov : 2023-06-20

Scanning the drive:
1 file, 64947574 bytes (62 MiB)

Creating archive: D:\Study\Sync\civil\2023年教程\【1】常识\李卜开天斧\讲义未包含内容.docx.zip

Add new data to archive: 1 file, 64947574 bytes (62 MiB)


Files read from disk: 1
Archive size: 64790392 bytes (62 MiB)
Volumes: 4
Everything is Ok
删除文件 - D:\Study\Sync\civil\2023年教程\【1】常识\李卜开天斧\讲义未包含内容.docx
删除文件 - D:\Study\Sync\civil\2023年教程\【1】常识\李梦娇\讲义\00.2023年公考理论精讲・常识判断.pdf.zip.001
删除文件 - D:\Study\Sync\civil\2023年教程\【1】常识\李梦娇\讲义\00.2023年公考理论精讲・常识判断.pdf.zip.002
删除文件 - D:\Study\Sync\civil\2023年教程\【1】常识\李梦娇\讲义\00.2023年公考理论精讲・常识判断.pdf.zip.003
删除文件 - D:\Study\Sync\civil\2023年教程\【1】常识\李梦娇\讲义\00.2023年公考理论精讲・常识判断.pdf.zip.004
删除文件 - D:\Study\Sync\civil\2023年教程\【1】常识\李梦娇\讲义\00.2023年公考理论精讲・常识判断.pdf.zip.005
删除文件 - D:\Study\Sync\civil\2023年教程\【1】常识\李梦娇\讲义\00.2023年公考理论精讲・常识判断.pdf.zip.006
删除文件 - D:\Study\Sync\civil\2023年教程\【1】常识\李梦娇\讲义\00.2023年公考理论精讲・常识判断.pdf.zip.007
删除文件 - D:\Study\Sync\civil\2023年教程\【1】常识\李梦娇\讲义\00.2023年公考理论精讲・常识判断.pdf.zip.008
删除文件 - D:\Study\Sync\civil\2023年教程\【1】常识\李梦娇\讲义\00.2023年公考理论精讲・常识判断.pdf.zip.009

7-Zip 23.01 (x64) : Copyright (c) 1999-2023 Igor Pavlov : 2023-06-20

Scanning the drive:
1 file, 234821572 bytes (224 MiB)

Creating archive: D:\Study\Sync\civil\2023年教程\【1】常识\李梦娇\讲义\00.2023年公考理论精讲・常识判断.pdf.zip

Add new data to archive: 1 file, 234821572 bytes (224 MiB)


Files read from disk: 1
Archive size: 178173290 bytes (170 MiB)
Volumes: 9
Everything is Ok
删除文件 - D:\Study\Sync\civil\2023年教程\【1】常识\李梦娇\讲义\00.2023年公考理论精讲・常识判断.pdf
删除文件 - D:\Study\Sync\civil\2023年教程\【2】言语\欣说言语提分计划\言语03-言语真题演练（国考）.pdf.zip.001
删除文件 - D:\Study\Sync\civil\2023年教程\【2】言语\欣说言语提分计划\言语03-言语真题演练（国考）.pdf.zip.002

7-Zip 23.01 (x64) : Copyright (c) 1999-2023 Igor Pavlov : 2023-06-20

Scanning the drive:
1 file, 42401253 bytes (41 MiB)

Creating archive: D:\Study\Sync\civil\2023年教程\【2】言语\欣说言语提分计划\言语03-言语真题演练（国考）.pdf.zip

Add new data to archive: 1 file, 42401253 bytes (41 MiB)


Files read from disk: 1
Archive size: 39328422 bytes (38 MiB)
Volumes: 2
Everything is Ok
删除文件 - D:\Study\Sync\civil\2023年教程\【2】言语\欣说言语提分计划\言语03-言语真题演练（国考）.pdf
删除文件 - D:\Study\Sync\civil\2023年教程\【2】言语\欣说言语提分计划\言语04-言语真题演练（省考）.pdf.zip.001
删除文件 - D:\Study\Sync\civil\2023年教程\【2】言语\欣说言语提分计划\言语04-言语真题演练（省考）.pdf.zip.002

7-Zip 23.01 (x64) : Copyright (c) 1999-2023 Igor Pavlov : 2023-06-20

Scanning the drive:
1 file, 32028601 bytes (31 MiB)

Creating archive: D:\Study\Sync\civil\2023年教程\【2】言语\欣说言语提分计划\言语04-言语真题演练（省考）.pdf.zip

Add new data to archive: 1 file, 32028601 bytes (31 MiB)


Files read from disk: 1
Archive size: 29156809 bytes (28 MiB)
Volumes: 2
Everything is Ok
删除文件 - D:\Study\Sync\civil\2023年教程\【2】言语\欣说言语提分计划\言语04-言语真题演练（省考）.pdf
删除文件 - D:\Study\Sync\civil\2023年教程\【3】数量\李威猛\数量关系系统课讲义――李威猛.pdf.zip.001
删除文件 - D:\Study\Sync\civil\2023年教程\【3】数量\李威猛\数量关系系统课讲义――李威猛.pdf.zip.002

7-Zip 23.01 (x64) : Copyright (c) 1999-2023 Igor Pavlov : 2023-06-20

Scanning the drive:
1 file, 26110143 bytes (25 MiB)

Creating archive: D:\Study\Sync\civil\2023年教程\【3】数量\李威猛\数量关系系统课讲义――李威猛.pdf.zip

Add new data to archive: 1 file, 26110143 bytes (25 MiB)


Files read from disk: 1
Archive size: 21435691 bytes (21 MiB)
Volumes: 2
Everything is Ok
删除文件 - D:\Study\Sync\civil\2023年教程\【3】数量\李威猛\数量关系系统课讲义――李威猛.pdf

7-Zip 23.01 (x64) : Copyright (c) 1999-2023 Igor Pavlov : 2023-06-20


Error:
Updating for multivolume archives is not implemented
D:\Study\Sync\civil\2023年教程\【3】数量\齐麟(满分计划)\01讲义\05.7z.001

7-Zip 23.01 (x64) : Copyright (c) 1999-2023 Igor Pavlov : 2023-06-20


Error:
Updating for multivolume archives is not implemented
D:\Study\Sync\civil\2023年教程\【3】数量\齐麟(满分计划)\01讲义\公考齐麟08.7z.001

7-Zip 23.01 (x64) : Copyright (c) 1999-2023 Igor Pavlov : 2023-06-20


Error:
Updating for multivolume archives is not implemented
D:\Study\Sync\civil\2023年教程\【3】数量\齐麟(满分计划)\03第二阶段：真题演练（一轮刷题）\02.7z.001

7-Zip 23.01 (x64) : Copyright (c) 1999-2023 Igor Pavlov : 2023-06-20


Error:
Updating for multivolume archives is not implemented
D:\Study\Sync\civil\2023年教程\【3】数量\齐麟(满分计划)\06速算技巧专项课\01.7z.001
删除文件 - D:\Study\Sync\civil\2023年教程\【4】判断\胡小胡高分计划\【00】判断高分计划图书讲义\已读\判断04――判断真题演练（省考）_nowatermark.pdf.zip.001
删除文件 - D:\Study\Sync\civil\2023年教程\【4】判断\胡小胡高分计划\【00】判断高分计划图书讲义\已读\判断04――判断真题演练（省考）_nowatermark.pdf.zip.002

7-Zip 23.01 (x64) : Copyright (c) 1999-2023 Igor Pavlov : 2023-06-20

Scanning the drive:
1 file, 26772311 bytes (26 MiB)

Creating archive: D:\Study\Sync\civil\2023年教程\【4】判断\胡小胡高分计划\【00】判断高分计划图书讲义\已读\判断04――判断真题演练（省考）_nowatermark.pdf.zip

Add new data to archive: 1 file, 26772311 bytes (26 MiB)


Files read from disk: 1
Archive size: 23712835 bytes (23 MiB)
Volumes: 2
Everything is Ok
删除文件 - D:\Study\Sync\civil\2023年教程\【4】判断\胡小胡高分计划\【00】判断高分计划图书讲义\已读\判断04――判断真题演练（省考）_nowatermark.pdf
删除文件 - D:\Study\Sync\civil\2023年教程\【4】判断\阿里木江\判断推理系统课――阿里木江.pdf.zip.001
删除文件 - D:\Study\Sync\civil\2023年教程\【4】判断\阿里木江\判断推理系统课――阿里木江.pdf.zip.002
删除文件 - D:\Study\Sync\civil\2023年教程\【4】判断\阿里木江\判断推理系统课――阿里木江.pdf.zip.003

7-Zip 23.01 (x64) : Copyright (c) 1999-2023 Igor Pavlov : 2023-06-20

Scanning the drive:
1 file, 58720811 bytes (57 MiB)

Creating archive: D:\Study\Sync\civil\2023年教程\【4】判断\阿里木江\判断推理系统课――阿里木江.pdf.zip

Add new data to archive: 1 file, 58720811 bytes (57 MiB)


Files read from disk: 1
Archive size: 50099056 bytes (48 MiB)
Volumes: 3
Everything is Ok
删除文件 - D:\Study\Sync\civil\2023年教程\【4】判断\阿里木江\判断推理系统课――阿里木江.pdf
删除文件 - D:\Study\Sync\civil\2023年教程\【5】资料\李威猛\资料分析刷题讲义――李威猛.pdf.zip.001
删除文件 - D:\Study\Sync\civil\2023年教程\【5】资料\李威猛\资料分析刷题讲义――李威猛.pdf.zip.002

7-Zip 23.01 (x64) : Copyright (c) 1999-2023 Igor Pavlov : 2023-06-20

Scanning the drive:
1 file, 26963887 bytes (26 MiB)

Creating archive: D:\Study\Sync\civil\2023年教程\【5】资料\李威猛\资料分析刷题讲义――李威猛.pdf.zip

Add new data to archive: 1 file, 26963887 bytes (26 MiB)


Files read from disk: 1
Archive size: 21496593 bytes (21 MiB)
Volumes: 2
Everything is Ok
删除文件 - D:\Study\Sync\civil\2023年教程\【5】资料\李威猛\资料分析刷题讲义――李威猛.pdf
删除文件 - D:\Study\Sync\civil\2023年教程\【5】资料\李威猛\真题分析.docx.zip.001
删除文件 - D:\Study\Sync\civil\2023年教程\【5】资料\李威猛\真题分析.docx.zip.002
删除文件 - D:\Study\Sync\civil\2023年教程\【5】资料\李威猛\真题分析.docx.zip.003
删除文件 - D:\Study\Sync\civil\2023年教程\【5】资料\李威猛\真题分析.docx.zip.004

7-Zip 23.01 (x64) : Copyright (c) 1999-2023 Igor Pavlov : 2023-06-20

Scanning the drive:
1 file, 71099999 bytes (68 MiB)

Creating archive: D:\Study\Sync\civil\2023年教程\【5】资料\李威猛\真题分析.docx.zip

Add new data to archive: 1 file, 71099999 bytes (68 MiB)


Files read from disk: 1
Archive size: 70080925 bytes (67 MiB)
Volumes: 4
Everything is Ok
删除文件 - D:\Study\Sync\civil\2023年教程\【5】资料\李威猛\真题分析.docx
删除文件 - D:\Study\Sync\civil\2023年教程\【5】资料\花生\花生讲义\【花生十三】资料分析思维导图.pdf.zip.001

7-Zip 23.01 (x64) : Copyright (c) 1999-2023 Igor Pavlov : 2023-06-20

Scanning the drive:
1 file, 24469564 bytes (24 MiB)

Creating archive: D:\Study\Sync\civil\2023年教程\【5】资料\花生\花生讲义\【花生十三】资料分析思维导图.pdf.zip

Add new data to archive: 1 file, 24469564 bytes (24 MiB)


Files read from disk: 1
Archive size: 17645145 bytes (17 MiB)
Volumes: 1
Everything is Ok
删除文件 - D:\Study\Sync\civil\2023年教程\【5】资料\花生\花生讲义\【花生十三】资料分析思维导图.pdf
删除文件 - D:\Study\Sync\civil\2023年教程\【6】申论\2024国考半月谈抄出申论80+\讲义一（1-60节用）.pdf.zip.001
删除文件 - D:\Study\Sync\civil\2023年教程\【6】申论\2024国考半月谈抄出申论80+\讲义一（1-60节用）.pdf.zip.002

7-Zip 23.01 (x64) : Copyright (c) 1999-2023 Igor Pavlov : 2023-06-20

Scanning the drive:
1 file, 39160666 bytes (38 MiB)

Creating archive: D:\Study\Sync\civil\2023年教程\【6】申论\2024国考半月谈抄出申论80+\讲义一（1-60节用）.pdf.zip

Add new data to archive: 1 file, 39160666 bytes (38 MiB)


Files read from disk: 1
Archive size: 37088963 bytes (36 MiB)
Volumes: 2
Everything is Ok
删除文件 - D:\Study\Sync\civil\2023年教程\【6】申论\2024国考半月谈抄出申论80+\讲义一（1-60节用）.pdf
删除文件 - D:\Study\Sync\civil\2023年教程\【6】申论\小飞仔申论基础\讲义\申论通关班（应用文汇编）.pdf.zip.001
删除文件 - D:\Study\Sync\civil\2023年教程\【6】申论\小飞仔申论基础\讲义\申论通关班（应用文汇编）.pdf.zip.002

7-Zip 23.01 (x64) : Copyright (c) 1999-2023 Igor Pavlov : 2023-06-20

Scanning the drive:
1 file, 36821765 bytes (36 MiB)

Creating archive: D:\Study\Sync\civil\2023年教程\【6】申论\小飞仔申论基础\讲义\申论通关班（应用文汇编）.pdf.zip

Add new data to archive: 1 file, 36821765 bytes (36 MiB)


Files read from disk: 1
Archive size: 32288072 bytes (31 MiB)
Volumes: 2
Everything is Ok
删除文件 - D:\Study\Sync\civil\2023年教程\【6】申论\小飞仔申论基础\讲义\申论通关班（应用文汇编）.pdf
删除文件 - D:\Study\Sync\civil\2023年教程\【6】申论\小飞仔申论基础\讲义\申论通关班（强化刷题册）.pdf.zip.001
删除文件 - D:\Study\Sync\civil\2023年教程\【6】申论\小飞仔申论基础\讲义\申论通关班（强化刷题册）.pdf.zip.002
删除文件 - D:\Study\Sync\civil\2023年教程\【6】申论\小飞仔申论基础\讲义\申论通关班（强化刷题册）.pdf.zip.003

7-Zip 23.01 (x64) : Copyright (c) 1999-2023 Igor Pavlov : 2023-06-20

Scanning the drive:
1 file, 61374690 bytes (59 MiB)

Creating archive: D:\Study\Sync\civil\2023年教程\【6】申论\小飞仔申论基础\讲义\申论通关班（强化刷题册）.pdf.zip

Add new data to archive: 1 file, 61374690 bytes (59 MiB)


Files read from disk: 1
Archive size: 54713619 bytes (53 MiB)
Volumes: 3
Everything is Ok
删除文件 - D:\Study\Sync\civil\2023年教程\【6】申论\小飞仔申论基础\讲义\申论通关班（强化刷题册）.pdf
删除文件 - D:\Study\Sync\civil\2023年教程\【6】申论\小飞仔申论基础\讲义\申论通关班（真题范文合集）.pdf.zip.001
删除文件 - D:\Study\Sync\civil\2023年教程\【6】申论\小飞仔申论基础\讲义\申论通关班（真题范文合集）.pdf.zip.002

7-Zip 23.01 (x64) : Copyright (c) 1999-2023 Igor Pavlov : 2023-06-20

Scanning the drive:
1 file, 32797753 bytes (32 MiB)

Creating archive: D:\Study\Sync\civil\2023年教程\【6】申论\小飞仔申论基础\讲义\申论通关班（真题范文合集）.pdf.zip

Add new data to archive: 1 file, 32797753 bytes (32 MiB)


Files read from disk: 1
Archive size: 29140426 bytes (28 MiB)
Volumes: 2
Everything is Ok
删除文件 - D:\Study\Sync\civil\2023年教程\【6】申论\小飞仔申论基础\讲义\申论通关班（真题范文合集）.pdf
删除文件 - D:\Study\Sync\civil\2023年教程\【1】常识\丹丹（官网沿用22上半年）\2022丹丹常识（录播课）\讲义资料包\复习资料\【四海】早读笔记--丹丹老师.pdf.zip.001
删除文件 - D:\Study\Sync\civil\2023年教程\【1】常识\丹丹（官网沿用22上半年）\2022丹丹常识（录播课）\讲义资料包\复习资料\【四海】早读笔记--丹丹老师.pdf.zip.002

7-Zip 23.01 (x64) : Copyright (c) 1999-2023 Igor Pavlov : 2023-06-20

Scanning the drive:
1 file, 28926466 bytes (28 MiB)

Creating archive: D:\Study\Sync\civil\2023年教程\【1】常识\丹丹（官网沿用22上半年）\2022丹丹常识（录播课）\讲义资料包\复习资料\【四海】早读笔记--丹丹老师.pdf.zip

Add new data to archive: 1 file, 28926466 bytes (28 MiB)


Files read from disk: 1
Archive size: 28738622 bytes (28 MiB)
Volumes: 2
Everything is Ok
删除文件 - D:\Study\Sync\civil\2023年教程\【1】常识\丹丹（官网沿用22上半年）\2022丹丹常识（录播课）\讲义资料包\复习资料\【四海】早读笔记--丹丹老师.pdf
删除文件 - D:\Study\Sync\civil\2023年教程\【1】常识\丹丹（官网沿用22上半年）\2022丹丹常识（录播课）\讲义资料包\练习题\05-常识判断3000题（答案篇）--丹丹.pdf.zip.001
删除文件 - D:\Study\Sync\civil\2023年教程\【1】常识\丹丹（官网沿用22上半年）\2022丹丹常识（录播课）\讲义资料包\练习题\05-常识判断3000题（答案篇）--丹丹.pdf.zip.002

7-Zip 23.01 (x64) : Copyright (c) 1999-2023 Igor Pavlov : 2023-06-20

Scanning the drive:
1 file, 27067789 bytes (26 MiB)

Creating archive: D:\Study\Sync\civil\2023年教程\【1】常识\丹丹（官网沿用22上半年）\2022丹丹常识（录播课）\讲义资料包\练习题\05-常识判断3000题（答案篇）--丹丹.pdf.zip

Add new data to archive: 1 file, 27067789 bytes (26 MiB)


Files read from disk: 1
Archive size: 26639562 bytes (26 MiB)
Volumes: 2
Everything is Ok
删除文件 - D:\Study\Sync\civil\2023年教程\【1】常识\丹丹（官网沿用22上半年）\2022丹丹常识（录播课）\讲义资料包\练习题\05-常识判断3000题（答案篇）--丹丹.pdf
删除文件 - D:\Study\Sync\civil\2023年教程\【1】常识\丹丹（官网沿用22上半年）\2022丹丹常识（录播课）\讲义资料包\赠送公基6000题\公基模块题库6000题【答案汇总篇】--丹丹.pdf.zip.001
删除文件 - D:\Study\Sync\civil\2023年教程\【1】常识\丹丹（官网沿用22上半年）\2022丹丹常识（录播课）\讲义资料包\赠送公基6000题\公基模块题库6000题【答案汇总篇】--丹丹.pdf.zip.002

7-Zip 23.01 (x64) : Copyright (c) 1999-2023 Igor Pavlov : 2023-06-20

Scanning the drive:
1 file, 31558615 bytes (31 MiB)

Creating archive: D:\Study\Sync\civil\2023年教程\【1】常识\丹丹（官网沿用22上半年）\2022丹丹常识（录播课）\讲义资料包\赠送公基6000题\公基模块题库6000题【答案汇总篇】--丹丹.pdf.zip

Add new data to archive: 1 file, 31558615 bytes (31 MiB)


Files read from disk: 1
Archive size: 31228867 bytes (30 MiB)
Volumes: 2
Everything is Ok
删除文件 - D:\Study\Sync\civil\2023年教程\【1】常识\丹丹（官网沿用22上半年）\2022丹丹常识（录播课）\讲义资料包\赠送公基6000题\公基模块题库6000题【答案汇总篇】--丹丹.pdf
删除文件 - D:\Study\Sync\civil\2023年教程\【1】常识\李卜开天斧\00.讲义.pdf.zip.001
删除文件 - D:\Study\Sync\civil\2023年教程\【1】常识\李卜开天斧\00.讲义.pdf.zip.002
删除文件 - D:\Study\Sync\civil\2023年教程\【1】常识\李卜开天斧\00.讲义.pdf.zip.003
删除文件 - D:\Study\Sync\civil\2023年教程\【1】常识\李卜开天斧\00.讲义.pdf.zip.004
删除文件 - D:\Study\Sync\civil\2023年教程\【1】常识\李卜开天斧\00.讲义.pdf.zip.005
删除文件 - D:\Study\Sync\civil\2023年教程\【1】常识\李卜开天斧\00.讲义.pdf.zip.006

7-Zip 23.01 (x64) : Copyright (c) 1999-2023 Igor Pavlov : 2023-06-20

Scanning the drive:
1 file, 136478436 bytes (131 MiB)

Creating archive: D:\Study\Sync\civil\2023年教程\【1】常识\李卜开天斧\00.讲义.pdf.zip

Add new data to archive: 1 file, 136478436 bytes (131 MiB)


Files read from disk: 1
Archive size: 112750215 bytes (108 MiB)
Volumes: 6
Everything is Ok
删除文件 - D:\Study\Sync\civil\2023年教程\【1】常识\李卜开天斧\00.讲义.pdf
删除文件 - D:\Study\Sync\civil\2023年教程\【1】常识\李卜开天斧\讲义未包含内容.docx.zip.001
删除文件 - D:\Study\Sync\civil\2023年教程\【1】常识\李卜开天斧\讲义未包含内容.docx.zip.002
删除文件 - D:\Study\Sync\civil\2023年教程\【1】常识\李卜开天斧\讲义未包含内容.docx.zip.003
删除文件 - D:\Study\Sync\civil\2023年教程\【1】常识\李卜开天斧\讲义未包含内容.docx.zip.004

7-Zip 23.01 (x64) : Copyright (c) 1999-2023 Igor Pavlov : 2023-06-20

Scanning the drive:
1 file, 64947574 bytes (62 MiB)

Creating archive: D:\Study\Sync\civil\2023年教程\【1】常识\李卜开天斧\讲义未包含内容.docx.zip

Add new data to archive: 1 file, 64947574 bytes (62 MiB)


Files read from disk: 1
Archive size: 64790392 bytes (62 MiB)
Volumes: 4
Everything is Ok
删除文件 - D:\Study\Sync\civil\2023年教程\【1】常识\李卜开天斧\讲义未包含内容.docx
删除文件 - D:\Study\Sync\civil\2023年教程\【1】常识\李梦娇\讲义\00.2023年公考理论精讲・常识判断.pdf.zip.001
删除文件 - D:\Study\Sync\civil\2023年教程\【1】常识\李梦娇\讲义\00.2023年公考理论精讲・常识判断.pdf.zip.002
删除文件 - D:\Study\Sync\civil\2023年教程\【1】常识\李梦娇\讲义\00.2023年公考理论精讲・常识判断.pdf.zip.003
删除文件 - D:\Study\Sync\civil\2023年教程\【1】常识\李梦娇\讲义\00.2023年公考理论精讲・常识判断.pdf.zip.004
删除文件 - D:\Study\Sync\civil\2023年教程\【1】常识\李梦娇\讲义\00.2023年公考理论精讲・常识判断.pdf.zip.005
删除文件 - D:\Study\Sync\civil\2023年教程\【1】常识\李梦娇\讲义\00.2023年公考理论精讲・常识判断.pdf.zip.006
删除文件 - D:\Study\Sync\civil\2023年教程\【1】常识\李梦娇\讲义\00.2023年公考理论精讲・常识判断.pdf.zip.007
删除文件 - D:\Study\Sync\civil\2023年教程\【1】常识\李梦娇\讲义\00.2023年公考理论精讲・常识判断.pdf.zip.008
删除文件 - D:\Study\Sync\civil\2023年教程\【1】常识\李梦娇\讲义\00.2023年公考理论精讲・常识判断.pdf.zip.009

7-Zip 23.01 (x64) : Copyright (c) 1999-2023 Igor Pavlov : 2023-06-20

Scanning the drive:
1 file, 234821572 bytes (224 MiB)

Creating archive: D:\Study\Sync\civil\2023年教程\【1】常识\李梦娇\讲义\00.2023年公考理论精讲・常识判断.pdf.zip

Add new data to archive: 1 file, 234821572 bytes (224 MiB)


Files read from disk: 1
Archive size: 178173290 bytes (170 MiB)
Volumes: 9
Everything is Ok
删除文件 - D:\Study\Sync\civil\2023年教程\【1】常识\李梦娇\讲义\00.2023年公考理论精讲・常识判断.pdf
删除文件 - D:\Study\Sync\civil\2023年教程\【2】言语\欣说言语提分计划\言语03-言语真题演练（国考）.pdf.zip.001
删除文件 - D:\Study\Sync\civil\2023年教程\【2】言语\欣说言语提分计划\言语03-言语真题演练（国考）.pdf.zip.002

7-Zip 23.01 (x64) : Copyright (c) 1999-2023 Igor Pavlov : 2023-06-20

Scanning the drive:
1 file, 42401253 bytes (41 MiB)

Creating archive: D:\Study\Sync\civil\2023年教程\【2】言语\欣说言语提分计划\言语03-言语真题演练（国考）.pdf.zip

Add new data to archive: 1 file, 42401253 bytes (41 MiB)


Files read from disk: 1
Archive size: 39328422 bytes (38 MiB)
Volumes: 2
Everything is Ok
删除文件 - D:\Study\Sync\civil\2023年教程\【2】言语\欣说言语提分计划\言语03-言语真题演练（国考）.pdf
删除文件 - D:\Study\Sync\civil\2023年教程\【2】言语\欣说言语提分计划\言语04-言语真题演练（省考）.pdf.zip.001
删除文件 - D:\Study\Sync\civil\2023年教程\【2】言语\欣说言语提分计划\言语04-言语真题演练（省考）.pdf.zip.002

7-Zip 23.01 (x64) : Copyright (c) 1999-2023 Igor Pavlov : 2023-06-20

Scanning the drive:
1 file, 32028601 bytes (31 MiB)

Creating archive: D:\Study\Sync\civil\2023年教程\【2】言语\欣说言语提分计划\言语04-言语真题演练（省考）.pdf.zip

Add new data to archive: 1 file, 32028601 bytes (31 MiB)


Files read from disk: 1
Archive size: 29156809 bytes (28 MiB)
Volumes: 2
Everything is Ok
删除文件 - D:\Study\Sync\civil\2023年教程\【2】言语\欣说言语提分计划\言语04-言语真题演练（省考）.pdf
删除文件 - D:\Study\Sync\civil\2023年教程\【3】数量\李威猛\数量关系系统课讲义――李威猛.pdf.zip.001
删除文件 - D:\Study\Sync\civil\2023年教程\【3】数量\李威猛\数量关系系统课讲义――李威猛.pdf.zip.002

7-Zip 23.01 (x64) : Copyright (c) 1999-2023 Igor Pavlov : 2023-06-20

Scanning the drive:
1 file, 26110143 bytes (25 MiB)

Creating archive: D:\Study\Sync\civil\2023年教程\【3】数量\李威猛\数量关系系统课讲义――李威猛.pdf.zip

Add new data to archive: 1 file, 26110143 bytes (25 MiB)


Files read from disk: 1
Archive size: 21435691 bytes (21 MiB)
Volumes: 2
Everything is Ok
删除文件 - D:\Study\Sync\civil\2023年教程\【3】数量\李威猛\数量关系系统课讲义――李威猛.pdf

7-Zip 23.01 (x64) : Copyright (c) 1999-2023 Igor Pavlov : 2023-06-20


Error:
Updating for multivolume archives is not implemented
D:\Study\Sync\civil\2023年教程\【3】数量\齐麟(满分计划)\01讲义\05.7z.001

7-Zip 23.01 (x64) : Copyright (c) 1999-2023 Igor Pavlov : 2023-06-20


Error:
Updating for multivolume archives is not implemented
D:\Study\Sync\civil\2023年教程\【3】数量\齐麟(满分计划)\01讲义\公考齐麟08.7z.001

7-Zip 23.01 (x64) : Copyright (c) 1999-2023 Igor Pavlov : 2023-06-20


Error:
Updating for multivolume archives is not implemented
D:\Study\Sync\civil\2023年教程\【3】数量\齐麟(满分计划)\03第二阶段：真题演练（一轮刷题）\02.7z.001

7-Zip 23.01 (x64) : Copyright (c) 1999-2023 Igor Pavlov : 2023-06-20


Error:
Updating for multivolume archives is not implemented
D:\Study\Sync\civil\2023年教程\【3】数量\齐麟(满分计划)\06速算技巧专项课\01.7z.001
删除文件 - D:\Study\Sync\civil\2023年教程\【4】判断\胡小胡高分计划\【00】判断高分计划图书讲义\已读\判断04――判断真题演练（省考）_nowatermark.pdf.zip.001
删除文件 - D:\Study\Sync\civil\2023年教程\【4】判断\胡小胡高分计划\【00】判断高分计划图书讲义\已读\判断04――判断真题演练（省考）_nowatermark.pdf.zip.002

7-Zip 23.01 (x64) : Copyright (c) 1999-2023 Igor Pavlov : 2023-06-20

Scanning the drive:
1 file, 26772311 bytes (26 MiB)

Creating archive: D:\Study\Sync\civil\2023年教程\【4】判断\胡小胡高分计划\【00】判断高分计划图书讲义\已读\判断04――判断真题演练（省考）_nowatermark.pdf.zip

Add new data to archive: 1 file, 26772311 bytes (26 MiB)


Files read from disk: 1
Archive size: 23712835 bytes (23 MiB)
Volumes: 2
Everything is Ok
删除文件 - D:\Study\Sync\civil\2023年教程\【4】判断\胡小胡高分计划\【00】判断高分计划图书讲义\已读\判断04――判断真题演练（省考）_nowatermark.pdf
删除文件 - D:\Study\Sync\civil\2023年教程\【4】判断\阿里木江\判断推理系统课――阿里木江.pdf.zip.001
删除文件 - D:\Study\Sync\civil\2023年教程\【4】判断\阿里木江\判断推理系统课――阿里木江.pdf.zip.002
删除文件 - D:\Study\Sync\civil\2023年教程\【4】判断\阿里木江\判断推理系统课――阿里木江.pdf.zip.003

7-Zip 23.01 (x64) : Copyright (c) 1999-2023 Igor Pavlov : 2023-06-20

Scanning the drive:
1 file, 58720811 bytes (57 MiB)

Creating archive: D:\Study\Sync\civil\2023年教程\【4】判断\阿里木江\判断推理系统课――阿里木江.pdf.zip

Add new data to archive: 1 file, 58720811 bytes (57 MiB)


Files read from disk: 1
Archive size: 50099056 bytes (48 MiB)
Volumes: 3
Everything is Ok
删除文件 - D:\Study\Sync\civil\2023年教程\【4】判断\阿里木江\判断推理系统课――阿里木江.pdf
删除文件 - D:\Study\Sync\civil\2023年教程\【5】资料\李威猛\资料分析刷题讲义――李威猛.pdf.zip.001
删除文件 - D:\Study\Sync\civil\2023年教程\【5】资料\李威猛\资料分析刷题讲义――李威猛.pdf.zip.002

7-Zip 23.01 (x64) : Copyright (c) 1999-2023 Igor Pavlov : 2023-06-20

Scanning the drive:
1 file, 26963887 bytes (26 MiB)

Creating archive: D:\Study\Sync\civil\2023年教程\【5】资料\李威猛\资料分析刷题讲义――李威猛.pdf.zip

Add new data to archive: 1 file, 26963887 bytes (26 MiB)


Files read from disk: 1
Archive size: 21496593 bytes (21 MiB)
Volumes: 2
Everything is Ok
删除文件 - D:\Study\Sync\civil\2023年教程\【5】资料\李威猛\资料分析刷题讲义――李威猛.pdf
删除文件 - D:\Study\Sync\civil\2023年教程\【5】资料\李威猛\真题分析.docx.zip.001
删除文件 - D:\Study\Sync\civil\2023年教程\【5】资料\李威猛\真题分析.docx.zip.002
删除文件 - D:\Study\Sync\civil\2023年教程\【5】资料\李威猛\真题分析.docx.zip.003
删除文件 - D:\Study\Sync\civil\2023年教程\【5】资料\李威猛\真题分析.docx.zip.004

7-Zip 23.01 (x64) : Copyright (c) 1999-2023 Igor Pavlov : 2023-06-20

Scanning the drive:
1 file, 71099999 bytes (68 MiB)

Creating archive: D:\Study\Sync\civil\2023年教程\【5】资料\李威猛\真题分析.docx.zip

Add new data to archive: 1 file, 71099999 bytes (68 MiB)


Files read from disk: 1
Archive size: 70080925 bytes (67 MiB)
Volumes: 4
Everything is Ok
删除文件 - D:\Study\Sync\civil\2023年教程\【5】资料\李威猛\真题分析.docx
删除文件 - D:\Study\Sync\civil\2023年教程\【5】资料\花生\花生讲义\【花生十三】资料分析思维导图.pdf.zip.001

7-Zip 23.01 (x64) : Copyright (c) 1999-2023 Igor Pavlov : 2023-06-20

Scanning the drive:
1 file, 24469564 bytes (24 MiB)

Creating archive: D:\Study\Sync\civil\2023年教程\【5】资料\花生\花生讲义\【花生十三】资料分析思维导图.pdf.zip

Add new data to archive: 1 file, 24469564 bytes (24 MiB)


Files read from disk: 1
Archive size: 17645145 bytes (17 MiB)
Volumes: 1
Everything is Ok
删除文件 - D:\Study\Sync\civil\2023年教程\【5】资料\花生\花生讲义\【花生十三】资料分析思维导图.pdf
删除文件 - D:\Study\Sync\civil\2023年教程\【6】申论\2024国考半月谈抄出申论80+\讲义一（1-60节用）.pdf.zip.001
删除文件 - D:\Study\Sync\civil\2023年教程\【6】申论\2024国考半月谈抄出申论80+\讲义一（1-60节用）.pdf.zip.002

7-Zip 23.01 (x64) : Copyright (c) 1999-2023 Igor Pavlov : 2023-06-20

Scanning the drive:
1 file, 39160666 bytes (38 MiB)

Creating archive: D:\Study\Sync\civil\2023年教程\【6】申论\2024国考半月谈抄出申论80+\讲义一（1-60节用）.pdf.zip

Add new data to archive: 1 file, 39160666 bytes (38 MiB)


Files read from disk: 1
Archive size: 37088963 bytes (36 MiB)
Volumes: 2
Everything is Ok
删除文件 - D:\Study\Sync\civil\2023年教程\【6】申论\2024国考半月谈抄出申论80+\讲义一（1-60节用）.pdf
删除文件 - D:\Study\Sync\civil\2023年教程\【6】申论\小飞仔申论基础\讲义\申论通关班（应用文汇编）.pdf.zip.001
删除文件 - D:\Study\Sync\civil\2023年教程\【6】申论\小飞仔申论基础\讲义\申论通关班（应用文汇编）.pdf.zip.002

7-Zip 23.01 (x64) : Copyright (c) 1999-2023 Igor Pavlov : 2023-06-20

Scanning the drive:
1 file, 36821765 bytes (36 MiB)

Creating archive: D:\Study\Sync\civil\2023年教程\【6】申论\小飞仔申论基础\讲义\申论通关班（应用文汇编）.pdf.zip

Add new data to archive: 1 file, 36821765 bytes (36 MiB)


Files read from disk: 1
Archive size: 32288072 bytes (31 MiB)
Volumes: 2
Everything is Ok
删除文件 - D:\Study\Sync\civil\2023年教程\【6】申论\小飞仔申论基础\讲义\申论通关班（应用文汇编）.pdf
删除文件 - D:\Study\Sync\civil\2023年教程\【6】申论\小飞仔申论基础\讲义\申论通关班（强化刷题册）.pdf.zip.001
删除文件 - D:\Study\Sync\civil\2023年教程\【6】申论\小飞仔申论基础\讲义\申论通关班（强化刷题册）.pdf.zip.002
删除文件 - D:\Study\Sync\civil\2023年教程\【6】申论\小飞仔申论基础\讲义\申论通关班（强化刷题册）.pdf.zip.003

7-Zip 23.01 (x64) : Copyright (c) 1999-2023 Igor Pavlov : 2023-06-20

Scanning the drive:
1 file, 61374690 bytes (59 MiB)

Creating archive: D:\Study\Sync\civil\2023年教程\【6】申论\小飞仔申论基础\讲义\申论通关班（强化刷题册）.pdf.zip

Add new data to archive: 1 file, 61374690 bytes (59 MiB)


Files read from disk: 1
Archive size: 54713619 bytes (53 MiB)
Volumes: 3
Everything is Ok
删除文件 - D:\Study\Sync\civil\2023年教程\【6】申论\小飞仔申论基础\讲义\申论通关班（强化刷题册）.pdf
删除文件 - D:\Study\Sync\civil\2023年教程\【6】申论\小飞仔申论基础\讲义\申论通关班（真题范文合集）.pdf.zip.001
删除文件 - D:\Study\Sync\civil\2023年教程\【6】申论\小飞仔申论基础\讲义\申论通关班（真题范文合集）.pdf.zip.002

7-Zip 23.01 (x64) : Copyright (c) 1999-2023 Igor Pavlov : 2023-06-20

Scanning the drive:
1 file, 32797753 bytes (32 MiB)

Creating archive: D:\Study\Sync\civil\2023年教程\【6】申论\小飞仔申论基础\讲义\申论通关班（真题范文合集）.pdf.zip

Add new data to archive: 1 file, 32797753 bytes (32 MiB)


Files read from disk: 1
Archive size: 29140426 bytes (28 MiB)
Volumes: 2
Everything is Ok
删除文件 - D:\Study\Sync\civil\2023年教程\【6】申论\小飞仔申论基础\讲义\申论通关班（真题范文合集）.pdf
